TN:
SF:account-abstraction.js
FN:13,(anonymous_0)
FN:35,(anonymous_1)
FN:46,(anonymous_2)
FN:63,(anonymous_3)
FN:68,(anonymous_4)
FN:80,(anonymous_5)
FN:118,(anonymous_6)
FN:132,(anonymous_7)
FN:140,(anonymous_8)
FN:176,(anonymous_9)
FN:185,(anonymous_10)
FN:204,(anonymous_11)
FN:211,(anonymous_12)
FN:222,(anonymous_13)
FN:233,(anonymous_14)
FN:241,(anonymous_15)
FN:256,(anonymous_16)
FN:287,(anonymous_17)
FN:291,(anonymous_18)
FN:292,(anonymous_19)
FN:308,(anonymous_20)
FN:316,(anonymous_21)
FN:340,(anonymous_22)
FN:347,(anonymous_23)
FN:349,(anonymous_24)
FN:355,(anonymous_25)
FN:361,(anonymous_26)
FN:365,(anonymous_27)
FN:367,(anonymous_28)
FN:375,(anonymous_29)
FN:379,(anonymous_30)
FN:388,(anonymous_31)
FN:398,(anonymous_32)
FN:445,(anonymous_33)
FN:451,(anonymous_34)
FN:458,(anonymous_35)
FN:466,(anonymous_36)
FN:471,(anonymous_37)
FN:478,(anonymous_38)
FN:482,(anonymous_39)
FN:492,(anonymous_40)
FN:492,(anonymous_41)
FN:508,(anonymous_42)
FN:508,(anonymous_43)
FN:519,(anonymous_44)
FN:519,(anonymous_45)
FN:534,(anonymous_46)
FN:544,(anonymous_47)
FN:561,(anonymous_48)
FN:581,(anonymous_49)
FN:609,(anonymous_50)
FN:620,(anonymous_51)
FN:630,(anonymous_52)
FN:639,(anonymous_53)
FN:649,(anonymous_54)
FN:685,(anonymous_55)
FN:697,(anonymous_56)
FN:705,(anonymous_57)
FNF:58
FNH:15
FNDA:14,(anonymous_0)
FNDA:14,(anonymous_1)
FNDA:0,(anonymous_2)
FNDA:0,(anonymous_3)
FNDA:0,(anonymous_4)
FNDA:0,(anonymous_5)
FNDA:0,(anonymous_6)
FNDA:0,(anonymous_7)
FNDA:0,(anonymous_8)
FNDA:0,(anonymous_9)
FNDA:0,(anonymous_10)
FNDA:0,(anonymous_11)
FNDA:0,(anonymous_12)
FNDA:0,(anonymous_13)
FNDA:11,(anonymous_14)
FNDA:14,(anonymous_15)
FNDA:0,(anonymous_16)
FNDA:0,(anonymous_17)
FNDA:0,(anonymous_18)
FNDA:0,(anonymous_19)
FNDA:11,(anonymous_20)
FNDA:0,(anonymous_21)
FNDA:0,(anonymous_22)
FNDA:0,(anonymous_23)
FNDA:0,(anonymous_24)
FNDA:0,(anonymous_25)
FNDA:0,(anonymous_26)
FNDA:0,(anonymous_27)
FNDA:0,(anonymous_28)
FNDA:0,(anonymous_29)
FNDA:0,(anonymous_30)
FNDA:11,(anonymous_31)
FNDA:0,(anonymous_32)
FNDA:0,(anonymous_33)
FNDA:0,(anonymous_34)
FNDA:0,(anonymous_35)
FNDA:0,(anonymous_36)
FNDA:0,(anonymous_37)
FNDA:0,(anonymous_38)
FNDA:0,(anonymous_39)
FNDA:0,(anonymous_40)
FNDA:0,(anonymous_41)
FNDA:0,(anonymous_42)
FNDA:0,(anonymous_43)
FNDA:0,(anonymous_44)
FNDA:0,(anonymous_45)
FNDA:11,(anonymous_46)
FNDA:13,(anonymous_47)
FNDA:4,(anonymous_48)
FNDA:2,(anonymous_49)
FNDA:1,(anonymous_50)
FNDA:1,(anonymous_51)
FNDA:1,(anonymous_52)
FNDA:1,(anonymous_53)
FNDA:1,(anonymous_54)
FNDA:0,(anonymous_55)
FNDA:0,(anonymous_56)
FNDA:0,(anonymous_57)
DA:6,2
DA:7,2
DA:14,14
DA:15,14
DA:16,14
DA:17,14
DA:18,14
DA:21,14
DA:22,14
DA:25,14
DA:26,14
DA:29,14
DA:30,14
DA:32,14
DA:36,14
DA:40,14
DA:47,0
DA:65,0
DA:69,0
DA:71,0
DA:82,0
DA:83,0
DA:87,0
DA:88,0
DA:90,0
DA:91,0
DA:95,0
DA:96,0
DA:97,0
DA:98,0
DA:103,0
DA:104,0
DA:105,0
DA:106,0
DA:111,0
DA:112,0
DA:115,0
DA:119,0
DA:134,0
DA:141,0
DA:143,0
DA:144,0
DA:148,0
DA:151,0
DA:154,0
DA:157,0
DA:158,0
DA:161,0
DA:168,0
DA:178,0
DA:187,0
DA:188,0
DA:191,0
DA:193,0
DA:205,0
DA:206,0
DA:207,0
DA:212,0
DA:213,0
DA:214,0
DA:216,0
DA:223,0
DA:224,0
DA:234,11
DA:235,11
DA:242,14
DA:243,14
DA:245,14
DA:257,0
DA:258,0
DA:259,0
DA:262,0
DA:263,0
DA:267,0
DA:276,0
DA:277,0
DA:279,0
DA:288,0
DA:292,0
DA:309,11
DA:310,11
DA:317,0
DA:318,0
DA:321,0
DA:324,0
DA:326,0
DA:327,0
DA:330,0
DA:337,0
DA:341,0
DA:348,0
DA:351,0
DA:355,0
DA:362,0
DA:366,0
DA:367,0
DA:370,0
DA:371,0
DA:376,0
DA:380,0
DA:389,11
DA:390,11
DA:391,11
DA:392,11
DA:399,0
DA:401,0
DA:402,0
DA:404,0
DA:405,0
DA:409,0
DA:413,0
DA:414,0
DA:418,0
DA:420,0
DA:421,0
DA:425,0
DA:429,0
DA:432,0
DA:434,0
DA:437,0
DA:440,0
DA:441,0
DA:445,0
DA:446,0
DA:448,0
DA:452,0
DA:453,0
DA:454,0
DA:459,0
DA:460,0
DA:467,0
DA:468,0
DA:472,0
DA:479,0
DA:483,0
DA:490,2
DA:492,0
DA:493,0
DA:494,0
DA:495,0
DA:497,0
DA:499,0
DA:500,0
DA:503,0
DA:504,0
DA:508,0
DA:509,0
DA:511,0
DA:512,0
DA:515,0
DA:519,0
DA:520,0
DA:522,0
DA:523,0
DA:526,0
DA:535,11
DA:536,11
DA:537,11
DA:538,11
DA:539,11
DA:540,11
DA:541,11
DA:546,13
DA:547,13
DA:548,13
DA:550,13
DA:562,4
DA:571,4
DA:573,4
DA:582,2
DA:584,2
DA:585,0
DA:589,2
DA:590,2
DA:591,2
DA:593,2
DA:594,1
DA:601,1
DA:610,1
DA:612,1
DA:613,1
DA:614,1
DA:617,0
DA:621,1
DA:622,1
DA:623,1
DA:624,0
DA:627,1
DA:631,1
DA:640,1
DA:651,1
DA:654,1
DA:655,1
DA:657,1
DA:658,1
DA:671,0
DA:672,0
DA:686,0
DA:688,0
DA:689,0
DA:692,0
DA:694,0
DA:698,0
DA:706,0
DA:710,2
DA:711,2
DA:712,2
DA:713,2
DA:714,2
DA:715,2
DA:716,2
LF:211
LH:72
BRDA:13,0,0,0
BRDA:21,1,0,14
BRDA:21,1,1,14
BRDA:22,2,0,14
BRDA:22,2,1,14
BRDA:25,3,0,14
BRDA:25,3,1,14
BRDA:26,4,0,14
BRDA:26,4,1,14
BRDA:50,5,0,0
BRDA:50,5,1,0
BRDA:52,6,0,0
BRDA:52,6,1,0
BRDA:55,7,0,0
BRDA:55,7,1,0
BRDA:56,8,0,0
BRDA:56,8,1,0
BRDA:57,9,0,0
BRDA:57,9,1,0
BRDA:82,10,0,0
BRDA:82,10,1,0
BRDA:90,11,0,0
BRDA:90,11,1,0
BRDA:95,12,0,0
BRDA:95,12,1,0
BRDA:97,13,0,0
BRDA:97,13,1,0
BRDA:105,14,0,0
BRDA:105,14,1,0
BRDA:111,15,0,0
BRDA:111,15,1,0
BRDA:187,16,0,0
BRDA:187,16,1,0
BRDA:206,17,0,0
BRDA:206,17,1,0
BRDA:213,18,0,0
BRDA:213,18,1,0
BRDA:213,19,0,0
BRDA:213,19,1,0
BRDA:223,20,0,0
BRDA:223,20,1,0
BRDA:223,21,0,0
BRDA:223,21,1,0
BRDA:241,22,0,0
BRDA:258,23,0,0
BRDA:258,23,1,0
BRDA:262,24,0,0
BRDA:262,24,1,0
BRDA:317,25,0,0
BRDA:317,25,1,0
BRDA:326,26,0,0
BRDA:326,26,1,0
BRDA:347,27,0,0
BRDA:370,28,0,0
BRDA:370,28,1,0
BRDA:404,29,0,0
BRDA:404,29,1,0
BRDA:413,30,0,0
BRDA:413,30,1,0
BRDA:413,31,0,0
BRDA:413,31,1,0
BRDA:420,32,0,0
BRDA:420,32,1,0
BRDA:432,33,0,0
BRDA:432,33,1,0
BRDA:445,34,0,0
BRDA:445,34,1,0
BRDA:453,35,0,0
BRDA:453,35,1,0
BRDA:459,36,0,0
BRDA:459,36,1,0
BRDA:467,37,0,0
BRDA:467,37,1,0
BRDA:472,38,0,0
BRDA:472,38,1,0
BRDA:494,39,0,0
BRDA:494,39,1,0
BRDA:495,40,0,0
BRDA:495,40,1,0
BRDA:499,41,0,0
BRDA:499,41,1,0
BRDA:511,42,0,0
BRDA:511,42,1,0
BRDA:522,43,0,0
BRDA:522,43,1,0
BRDA:534,44,0,1
BRDA:546,45,0,13
BRDA:546,45,1,0
BRDA:546,45,2,0
BRDA:567,46,0,4
BRDA:567,46,1,1
BRDA:584,47,0,0
BRDA:584,47,1,2
BRDA:584,48,0,2
BRDA:584,48,1,2
BRDA:589,49,0,2
BRDA:589,49,1,0
BRDA:593,50,0,1
BRDA:593,50,1,1
BRDA:612,51,0,1
BRDA:612,51,1,0
BRDA:623,52,0,0
BRDA:623,52,1,1
BRDA:623,53,0,1
BRDA:623,53,1,1
BRDA:651,54,0,1
BRDA:651,54,1,0
BRDA:651,54,2,0
BRDA:657,55,0,1
BRDA:657,55,1,0
BRDA:688,56,0,0
BRDA:688,56,1,0
BRF:112
BRH:24
end_of_record
TN:
SF:admin-auth.js
FNF:0
FNH:0
LF:0
LH:0
BRF:0
BRH:0
end_of_record
TN:
SF:ai-assistant.js
FN:11,(anonymous_0)
FN:26,(anonymous_1)
FN:30,(anonymous_2)
FN:41,(anonymous_3)
FN:78,(anonymous_4)
FN:95,(anonymous_5)
FN:108,(anonymous_6)
FN:139,(anonymous_7)
FN:151,(anonymous_8)
FN:200,(anonymous_9)
FN:231,(anonymous_10)
FN:252,(anonymous_11)
FN:287,(anonymous_12)
FN:310,(anonymous_13)
FN:327,(anonymous_14)
FN:347,(anonymous_15)
FN:361,(anonymous_16)
FN:394,(anonymous_17)
FN:396,(anonymous_18)
FN:405,(anonymous_19)
FN:413,(anonymous_20)
FN:420,(anonymous_21)
FN:428,(anonymous_22)
FN:455,(anonymous_23)
FN:481,(anonymous_24)
FNF:25
FNH:0
FNDA:0,(anonymous_0)
FNDA:0,(anonymous_1)
FNDA:0,(anonymous_2)
FNDA:0,(anonymous_3)
FNDA:0,(anonymous_4)
FNDA:0,(anonymous_5)
FNDA:0,(anonymous_6)
FNDA:0,(anonymous_7)
FNDA:0,(anonymous_8)
FNDA:0,(anonymous_9)
FNDA:0,(anonymous_10)
FNDA:0,(anonymous_11)
FNDA:0,(anonymous_12)
FNDA:0,(anonymous_13)
FNDA:0,(anonymous_14)
FNDA:0,(anonymous_15)
FNDA:0,(anonymous_16)
FNDA:0,(anonymous_17)
FNDA:0,(anonymous_18)
FNDA:0,(anonymous_19)
FNDA:0,(anonymous_20)
FNDA:0,(anonymous_21)
FNDA:0,(anonymous_22)
FNDA:0,(anonymous_23)
FNDA:0,(anonymous_24)
DA:12,0
DA:27,0
DA:29,0
DA:30,0
DA:31,0
DA:35,0
DA:42,0
DA:45,0
DA:46,0
DA:47,0
DA:51,0
DA:52,0
DA:53,0
DA:54,0
DA:58,0
DA:59,0
DA:60,0
DA:64,0
DA:65,0
DA:66,0
DA:69,0
DA:79,0
DA:96,0
DA:98,0
DA:99,0
DA:102,0
DA:109,0
DA:111,0
DA:114,0
DA:117,0
DA:120,0
DA:123,0
DA:126,0
DA:129,0
DA:140,0
DA:141,0
DA:142,0
DA:143,0
DA:144,0
DA:145,0
DA:153,0
DA:159,0
DA:161,0
DA:164,0
DA:167,0
DA:168,0
DA:171,0
DA:174,0
DA:180,0
DA:182,0
DA:187,0
DA:193,0
DA:201,0
DA:203,0
DA:206,0
DA:209,0
DA:212,0
DA:215,0
DA:218,0
DA:221,0
DA:224,0
DA:232,0
DA:234,0
DA:235,0
DA:238,0
DA:240,0
DA:254,0
DA:255,0
DA:256,0
DA:259,0
DA:263,0
DA:264,0
DA:266,0
DA:267,0
DA:270,0
DA:281,0
DA:289,0
DA:291,0
DA:292,0
DA:295,0
DA:297,0
DA:312,0
DA:313,0
DA:315,0
DA:329,0
DA:331,0
DA:332,0
DA:335,0
DA:348,0
DA:362,0
DA:371,0
DA:373,0
DA:374,0
DA:375,0
DA:379,0
DA:395,0
DA:396,0
DA:397,0
DA:399,0
DA:406,0
DA:407,0
DA:414,0
DA:421,0
DA:422,0
DA:429,0
DA:431,0
DA:432,0
DA:435,0
DA:436,0
DA:439,0
DA:440,0
DA:441,0
DA:443,0
DA:457,0
DA:463,0
DA:464,0
DA:465,0
DA:466,0
DA:475,0
DA:483,0
DA:490,0
DA:491,0
DA:492,0
DA:500,0
DA:504,0
LF:125
LH:0
BRDA:30,0,0,0
BRDA:30,0,1,0
BRDA:46,1,0,0
BRDA:46,1,1,0
BRDA:52,2,0,0
BRDA:52,2,1,0
BRDA:54,3,0,0
BRDA:54,3,1,0
BRDA:59,4,0,0
BRDA:59,4,1,0
BRDA:65,5,0,0
BRDA:65,5,1,0
BRDA:96,6,0,0
BRDA:96,6,1,0
BRDA:109,7,0,0
BRDA:109,7,1,0
BRDA:109,7,2,0
BRDA:109,7,3,0
BRDA:109,7,4,0
BRDA:109,7,5,0
BRDA:109,7,6,0
BRDA:167,8,0,0
BRDA:167,8,1,0
BRDA:168,9,0,0
BRDA:168,9,1,0
BRDA:201,10,0,0
BRDA:201,10,1,0
BRDA:201,10,2,0
BRDA:201,10,3,0
BRDA:201,10,4,0
BRDA:201,10,5,0
BRDA:201,10,6,0
BRDA:201,10,7,0
BRDA:232,11,0,0
BRDA:232,11,1,0
BRDA:234,12,0,0
BRDA:234,12,1,0
BRDA:254,13,0,0
BRDA:254,13,1,0
BRDA:254,14,0,0
BRDA:254,14,1,0
BRDA:255,15,0,0
BRDA:255,15,1,0
BRDA:255,16,0,0
BRDA:255,16,1,0
BRDA:263,17,0,0
BRDA:263,17,1,0
BRDA:266,18,0,0
BRDA:266,18,1,0
BRDA:289,19,0,0
BRDA:289,19,1,0
BRDA:291,20,0,0
BRDA:291,20,1,0
BRDA:291,21,0,0
BRDA:291,21,1,0
BRDA:300,22,0,0
BRDA:300,22,1,0
BRDA:318,23,0,0
BRDA:318,23,1,0
BRDA:327,24,0,0
BRDA:329,25,0,0
BRDA:329,25,1,0
BRDA:331,26,0,0
BRDA:331,26,1,0
BRDA:374,27,0,0
BRDA:374,27,1,0
BRDA:397,28,0,0
BRDA:397,28,1,0
BRDA:407,29,0,0
BRDA:407,29,1,0
BRDA:413,30,0,0
BRDA:431,31,0,0
BRDA:431,31,1,0
BRDA:435,32,0,0
BRDA:435,32,1,0
BRDA:465,33,0,0
BRDA:465,33,1,0
BRDA:470,34,0,0
BRDA:470,34,1,0
BRDA:491,35,0,0
BRDA:491,35,1,0
BRF:81
BRH:0
end_of_record
TN:
SF:ai-ml.js
FN:5,(anonymous_0)
FN:12,(anonymous_1)
FN:26,(anonymous_2)
FN:59,(anonymous_3)
FN:101,(anonymous_4)
FN:106,(anonymous_5)
FN:111,(anonymous_6)
FN:115,(anonymous_7)
FN:120,(anonymous_8)
FN:121,(anonymous_9)
FN:124,(anonymous_10)
FN:133,(anonymous_11)
FN:146,(anonymous_12)
FN:158,(anonymous_13)
FN:162,(anonymous_14)
FN:167,(anonymous_15)
FN:172,(anonymous_16)
FN:179,(anonymous_17)
FN:184,(anonymous_18)
FN:193,(anonymous_19)
FN:225,(anonymous_20)
FN:228,(anonymous_21)
FN:233,(anonymous_22)
FN:234,(anonymous_23)
FN:243,(anonymous_24)
FN:244,(anonymous_25)
FN:245,(anonymous_26)
FN:247,(anonymous_27)
FN:251,(anonymous_28)
FN:257,(anonymous_29)
FN:258,(anonymous_30)
FN:263,(anonymous_31)
FN:276,(anonymous_32)
FN:284,(anonymous_33)
FN:291,(anonymous_34)
FN:298,(anonymous_35)
FN:320,(anonymous_36)
FN:324,(anonymous_37)
FN:335,(anonymous_38)
FN:340,(anonymous_39)
FN:356,(anonymous_40)
FN:360,(anonymous_41)
FN:370,(anonymous_42)
FN:374,(anonymous_43)
FN:389,(anonymous_44)
FN:392,(anonymous_45)
FN:400,(anonymous_46)
FN:408,(anonymous_47)
FN:416,(anonymous_48)
FN:421,(anonymous_49)
FN:436,(anonymous_50)
FN:451,(anonymous_51)
FNF:52
FNH:0
FNDA:0,(anonymous_0)
FNDA:0,(anonymous_1)
FNDA:0,(anonymous_2)
FNDA:0,(anonymous_3)
FNDA:0,(anonymous_4)
FNDA:0,(anonymous_5)
FNDA:0,(anonymous_6)
FNDA:0,(anonymous_7)
FNDA:0,(anonymous_8)
FNDA:0,(anonymous_9)
FNDA:0,(anonymous_10)
FNDA:0,(anonymous_11)
FNDA:0,(anonymous_12)
FNDA:0,(anonymous_13)
FNDA:0,(anonymous_14)
FNDA:0,(anonymous_15)
FNDA:0,(anonymous_16)
FNDA:0,(anonymous_17)
FNDA:0,(anonymous_18)
FNDA:0,(anonymous_19)
FNDA:0,(anonymous_20)
FNDA:0,(anonymous_21)
FNDA:0,(anonymous_22)
FNDA:0,(anonymous_23)
FNDA:0,(anonymous_24)
FNDA:0,(anonymous_25)
FNDA:0,(anonymous_26)
FNDA:0,(anonymous_27)
FNDA:0,(anonymous_28)
FNDA:0,(anonymous_29)
FNDA:0,(anonymous_30)
FNDA:0,(anonymous_31)
FNDA:0,(anonymous_32)
FNDA:0,(anonymous_33)
FNDA:0,(anonymous_34)
FNDA:0,(anonymous_35)
FNDA:0,(anonymous_36)
FNDA:0,(anonymous_37)
FNDA:0,(anonymous_38)
FNDA:0,(anonymous_39)
FNDA:0,(anonymous_40)
FNDA:0,(anonymous_41)
FNDA:0,(anonymous_42)
FNDA:0,(anonymous_43)
FNDA:0,(anonymous_44)
FNDA:0,(anonymous_45)
FNDA:0,(anonymous_46)
FNDA:0,(anonymous_47)
FNDA:0,(anonymous_48)
FNDA:0,(anonymous_49)
FNDA:0,(anonymous_50)
FNDA:0,(anonymous_51)
DA:2,0
DA:6,0
DA:7,0
DA:8,0
DA:9,0
DA:13,0
DA:14,0
DA:15,0
DA:17,0
DA:27,0
DA:30,0
DA:31,0
DA:35,0
DA:36,0
DA:40,0
DA:41,0
DA:44,0
DA:47,0
DA:50,0
DA:53,0
DA:54,0
DA:56,0
DA:60,0
DA:63,0
DA:64,0
DA:72,0
DA:73,0
DA:81,0
DA:82,0
DA:90,0
DA:91,0
DA:98,0
DA:103,0
DA:108,0
DA:112,0
DA:117,0
DA:121,0
DA:122,0
DA:124,0
DA:125,0
DA:127,0
DA:128,0
DA:130,0
DA:134,0
DA:136,0
DA:137,0
DA:138,0
DA:141,0
DA:142,0
DA:143,0
DA:146,0
DA:147,0
DA:148,0
DA:150,0
DA:151,0
DA:155,0
DA:159,0
DA:163,0
DA:164,0
DA:168,0
DA:169,0
DA:173,0
DA:174,0
DA:180,0
DA:181,0
DA:185,0
DA:188,0
DA:189,0
DA:195,0
DA:196,0
DA:199,0
DA:200,0
DA:201,0
DA:202,0
DA:205,0
DA:206,0
DA:207,0
DA:209,0
DA:221,0
DA:222,0
DA:226,0
DA:228,0
DA:229,0
DA:232,0
DA:233,0
DA:234,0
DA:235,0
DA:237,0
DA:238,0
DA:240,0
DA:244,0
DA:245,0
DA:247,0
DA:248,0
DA:252,0
DA:254,0
DA:255,0
DA:257,0
DA:258,0
DA:260,0
DA:264,0
DA:267,0
DA:270,0
DA:271,0
DA:273,0
DA:277,0
DA:278,0
DA:279,0
DA:280,0
DA:281,0
DA:285,0
DA:286,0
DA:287,0
DA:288,0
DA:292,0
DA:293,0
DA:294,0
DA:295,0
DA:299,0
DA:300,0
DA:302,0
DA:303,0
DA:305,0
DA:306,0
DA:307,0
DA:309,0
DA:321,0
DA:325,0
DA:336,0
DA:337,0
DA:338,0
DA:340,0
DA:341,0
DA:342,0
DA:343,0
DA:344,0
DA:348,0
DA:357,0
DA:360,0
DA:361,0
DA:365,0
DA:370,0
DA:371,0
DA:372,0
DA:374,0
DA:375,0
DA:380,0
DA:386,0
DA:390,0
DA:392,0
DA:393,0
DA:394,0
DA:397,0
DA:402,0
DA:403,0
DA:404,0
DA:405,0
DA:410,0
DA:412,0
DA:413,0
DA:417,0
DA:418,0
DA:422,0
DA:424,0
DA:425,0
DA:427,0
DA:428,0
DA:430,0
DA:431,0
DA:433,0
DA:437,0
DA:438,0
DA:440,0
DA:441,0
DA:443,0
DA:452,0
DA:453,0
DA:454,0
DA:458,0
LF:179
LH:0
BRDA:30,0,0,0
BRDA:30,0,1,0
BRDA:30,1,0,0
BRDA:30,1,1,0
BRDA:35,2,0,0
BRDA:35,2,1,0
BRDA:35,3,0,0
BRDA:35,3,1,0
BRDA:40,4,0,0
BRDA:40,4,1,0
BRDA:41,5,0,0
BRDA:41,5,1,0
BRDA:44,6,0,0
BRDA:44,6,1,0
BRDA:44,7,0,0
BRDA:44,7,1,0
BRDA:47,8,0,0
BRDA:47,8,1,0
BRDA:47,9,0,0
BRDA:47,9,1,0
BRDA:50,10,0,0
BRDA:50,10,1,0
BRDA:54,11,0,0
BRDA:54,11,1,0
BRDA:54,12,0,0
BRDA:54,12,1,0
BRDA:63,13,0,0
BRDA:63,13,1,0
BRDA:72,14,0,0
BRDA:72,14,1,0
BRDA:81,15,0,0
BRDA:81,15,1,0
BRDA:90,16,0,0
BRDA:90,16,1,0
BRDA:103,17,0,0
BRDA:103,17,1,0
BRDA:108,18,0,0
BRDA:108,18,1,0
BRDA:112,19,0,0
BRDA:112,19,1,0
BRDA:117,20,0,0
BRDA:117,20,1,0
BRDA:121,21,0,0
BRDA:121,21,1,0
BRDA:121,22,0,0
BRDA:121,22,1,0
BRDA:124,23,0,0
BRDA:124,23,1,0
BRDA:124,24,0,0
BRDA:124,24,1,0
BRDA:127,25,0,0
BRDA:127,25,1,0
BRDA:136,26,0,0
BRDA:136,26,1,0
BRDA:141,27,0,0
BRDA:141,27,1,0
BRDA:147,28,0,0
BRDA:147,28,1,0
BRDA:150,29,0,0
BRDA:150,29,1,0
BRDA:159,30,0,0
BRDA:159,30,1,0
BRDA:184,31,0,0
BRDA:188,32,0,0
BRDA:188,32,1,0
BRDA:193,33,0,0
BRDA:195,34,0,0
BRDA:195,34,1,0
BRDA:226,35,0,0
BRDA:226,35,1,0
BRDA:252,36,0,0
BRDA:252,36,1,0
BRDA:270,37,0,0
BRDA:270,37,1,0
BRDA:271,38,0,0
BRDA:271,38,1,0
BRDA:277,39,0,0
BRDA:277,39,1,0
BRDA:278,40,0,0
BRDA:278,40,1,0
BRDA:279,41,0,0
BRDA:279,41,1,0
BRDA:280,42,0,0
BRDA:280,42,1,0
BRDA:285,43,0,0
BRDA:285,43,1,0
BRDA:286,44,0,0
BRDA:286,44,1,0
BRDA:287,45,0,0
BRDA:287,45,1,0
BRDA:292,46,0,0
BRDA:292,46,1,0
BRDA:293,47,0,0
BRDA:293,47,1,0
BRDA:294,48,0,0
BRDA:294,48,1,0
BRDA:300,49,0,0
BRDA:300,49,1,0
BRDA:303,50,0,0
BRDA:303,50,1,0
BRDA:324,51,0,0
BRDA:342,52,0,0
BRDA:342,52,1,0
BRDA:356,53,0,0
BRDA:361,54,0,0
BRDA:361,54,1,0
BRDA:362,55,0,0
BRDA:362,55,1,0
BRDA:362,55,2,0
BRDA:362,55,3,0
BRDA:371,56,0,0
BRDA:371,56,1,0
BRDA:371,57,0,0
BRDA:371,57,1,0
BRDA:372,58,0,0
BRDA:372,58,1,0
BRDA:375,59,0,0
BRDA:375,59,1,0
BRDA:376,60,0,0
BRDA:376,60,1,0
BRDA:376,60,2,0
BRDA:376,60,3,0
BRDA:376,60,4,0
BRDA:410,61,0,0
BRDA:410,61,1,0
BRDA:424,62,0,0
BRDA:424,62,1,0
BRDA:427,63,0,0
BRDA:427,63,1,0
BRDA:430,64,0,0
BRDA:430,64,1,0
BRDA:438,65,0,0
BRDA:438,65,1,0
BRDA:452,66,0,0
BRDA:452,66,1,0
BRDA:453,67,0,0
BRDA:453,67,1,0
BRF:137
BRH:0
end_of_record
TN:
SF:analytics.js
FN:5,(anonymous_0)
FN:18,(anonymous_1)
FN:30,(anonymous_2)
FN:38,(anonymous_3)
FN:59,(anonymous_4)
FN:67,(anonymous_5)
FN:74,(anonymous_6)
FN:76,(anonymous_7)
FN:86,(anonymous_8)
FN:88,(anonymous_9)
FN:89,(anonymous_10)
FN:93,(anonymous_11)
FN:95,(anonymous_12)
FN:100,(anonymous_13)
FN:101,(anonymous_14)
FN:102,(anonymous_15)
FN:106,(anonymous_16)
FN:113,(anonymous_17)
FN:115,(anonymous_18)
FN:119,(anonymous_19)
FN:149,(anonymous_20)
FN:157,(anonymous_21)
FN:159,(anonymous_22)
FN:162,(anonymous_23)
FN:168,(anonymous_24)
FN:173,(anonymous_25)
FN:178,(anonymous_26)
FN:193,(anonymous_27)
FN:206,(anonymous_28)
FN:222,(anonymous_29)
FN:227,(anonymous_30)
FN:232,(anonymous_31)
FN:237,(anonymous_32)
FN:247,(anonymous_33)
FN:252,(anonymous_34)
FN:253,(anonymous_35)
FN:255,(anonymous_36)
FN:265,(anonymous_37)
FN:267,(anonymous_38)
FN:272,(anonymous_39)
FN:276,(anonymous_40)
FN:277,(anonymous_41)
FN:286,(anonymous_42)
FN:289,(anonymous_43)
FN:293,(anonymous_44)
FN:299,(anonymous_45)
FN:319,(anonymous_46)
FN:324,(anonymous_47)
FN:325,(anonymous_48)
FN:328,(anonymous_49)
FN:329,(anonymous_50)
FN:335,(anonymous_51)
FN:355,(anonymous_52)
FNF:53
FNH:0
FNDA:0,(anonymous_0)
FNDA:0,(anonymous_1)
FNDA:0,(anonymous_2)
FNDA:0,(anonymous_3)
FNDA:0,(anonymous_4)
FNDA:0,(anonymous_5)
FNDA:0,(anonymous_6)
FNDA:0,(anonymous_7)
FNDA:0,(anonymous_8)
FNDA:0,(anonymous_9)
FNDA:0,(anonymous_10)
FNDA:0,(anonymous_11)
FNDA:0,(anonymous_12)
FNDA:0,(anonymous_13)
FNDA:0,(anonymous_14)
FNDA:0,(anonymous_15)
FNDA:0,(anonymous_16)
FNDA:0,(anonymous_17)
FNDA:0,(anonymous_18)
FNDA:0,(anonymous_19)
FNDA:0,(anonymous_20)
FNDA:0,(anonymous_21)
FNDA:0,(anonymous_22)
FNDA:0,(anonymous_23)
FNDA:0,(anonymous_24)
FNDA:0,(anonymous_25)
FNDA:0,(anonymous_26)
FNDA:0,(anonymous_27)
FNDA:0,(anonymous_28)
FNDA:0,(anonymous_29)
FNDA:0,(anonymous_30)
FNDA:0,(anonymous_31)
FNDA:0,(anonymous_32)
FNDA:0,(anonymous_33)
FNDA:0,(anonymous_34)
FNDA:0,(anonymous_35)
FNDA:0,(anonymous_36)
FNDA:0,(anonymous_37)
FNDA:0,(anonymous_38)
FNDA:0,(anonymous_39)
FNDA:0,(anonymous_40)
FNDA:0,(anonymous_41)
FNDA:0,(anonymous_42)
FNDA:0,(anonymous_43)
FNDA:0,(anonymous_44)
FNDA:0,(anonymous_45)
FNDA:0,(anonymous_46)
FNDA:0,(anonymous_47)
FNDA:0,(anonymous_48)
FNDA:0,(anonymous_49)
FNDA:0,(anonymous_50)
FNDA:0,(anonymous_51)
FNDA:0,(anonymous_52)
DA:2,0
DA:6,0
DA:7,0
DA:14,0
DA:19,0
DA:31,0
DA:32,0
DA:33,0
DA:34,0
DA:35,0
DA:39,0
DA:42,0
DA:45,0
DA:48,0
DA:49,0
DA:52,0
DA:53,0
DA:55,0
DA:60,0
DA:61,0
DA:62,0
DA:64,0
DA:68,0
DA:69,0
DA:70,0
DA:71,0
DA:75,0
DA:76,0
DA:77,0
DA:79,0
DA:87,0
DA:88,0
DA:89,0
DA:90,0
DA:94,0
DA:95,0
DA:96,0
DA:97,0
DA:101,0
DA:102,0
DA:103,0
DA:107,0
DA:108,0
DA:109,0
DA:110,0
DA:114,0
DA:115,0
DA:120,0
DA:127,0
DA:130,0
DA:131,0
DA:134,0
DA:137,0
DA:138,0
DA:140,0
DA:142,0
DA:150,0
DA:151,0
DA:152,0
DA:153,0
DA:154,0
DA:158,0
DA:159,0
DA:164,0
DA:165,0
DA:170,0
DA:174,0
DA:179,0
DA:184,0
DA:186,0
DA:194,0
DA:195,0
DA:197,0
DA:199,0
DA:206,0
DA:207,0
DA:209,0
DA:216,0
DA:217,0
DA:223,0
DA:227,0
DA:234,0
DA:235,0
DA:237,0
DA:238,0
DA:240,0
DA:241,0
DA:244,0
DA:248,0
DA:249,0
DA:251,0
DA:252,0
DA:253,0
DA:255,0
DA:256,0
DA:257,0
DA:258,0
DA:262,0
DA:266,0
DA:267,0
DA:269,0
DA:273,0
DA:275,0
DA:276,0
DA:277,0
DA:278,0
DA:279,0
DA:283,0
DA:287,0
DA:288,0
DA:289,0
DA:294,0
DA:295,0
DA:300,0
DA:310,0
DA:312,0
DA:313,0
DA:316,0
DA:320,0
DA:325,0
DA:329,0
DA:330,0
DA:331,0
DA:336,0
DA:338,0
DA:339,0
DA:340,0
DA:342,0
DA:344,0
DA:345,0
DA:346,0
DA:348,0
DA:350,0
DA:351,0
DA:356,0
DA:367,0
LF:136
LH:0
BRDA:22,0,0,0
BRDA:22,0,1,0
BRDA:24,1,0,0
BRDA:24,1,1,0
BRDA:31,2,0,0
BRDA:31,2,1,0
BRDA:31,3,0,0
BRDA:31,3,1,0
BRDA:32,4,0,0
BRDA:32,4,1,0
BRDA:32,5,0,0
BRDA:32,5,1,0
BRDA:33,6,0,0
BRDA:33,6,1,0
BRDA:34,7,0,0
BRDA:34,7,1,0
BRDA:42,8,0,0
BRDA:42,8,1,0
BRDA:45,9,0,0
BRDA:45,9,1,0
BRDA:49,10,0,0
BRDA:49,10,1,0
BRDA:49,11,0,0
BRDA:49,11,1,0
BRDA:53,12,0,0
BRDA:53,12,1,0
BRDA:61,13,0,0
BRDA:61,13,1,0
BRDA:68,14,0,0
BRDA:68,14,1,0
BRDA:69,15,0,0
BRDA:69,15,1,0
BRDA:70,16,0,0
BRDA:70,16,1,0
BRDA:87,17,0,0
BRDA:87,17,1,0
BRDA:107,18,0,0
BRDA:107,18,1,0
BRDA:108,19,0,0
BRDA:108,19,1,0
BRDA:109,20,0,0
BRDA:109,20,1,0
BRDA:115,21,0,0
BRDA:115,21,1,0
BRDA:130,22,0,0
BRDA:130,22,1,0
BRDA:131,23,0,0
BRDA:131,23,1,0
BRDA:134,24,0,0
BRDA:134,24,1,0
BRDA:137,25,0,0
BRDA:137,25,1,0
BRDA:138,26,0,0
BRDA:138,26,1,0
BRDA:150,27,0,0
BRDA:150,27,1,0
BRDA:151,28,0,0
BRDA:151,28,1,0
BRDA:152,29,0,0
BRDA:152,29,1,0
BRDA:153,30,0,0
BRDA:153,30,1,0
BRDA:159,31,0,0
BRDA:159,31,1,0
BRDA:164,32,0,0
BRDA:164,32,1,0
BRDA:174,33,0,0
BRDA:174,33,1,0
BRDA:178,34,0,0
BRDA:193,35,0,0
BRDA:194,36,0,0
BRDA:194,36,1,0
BRDA:194,37,0,0
BRDA:194,37,1,0
BRDA:202,38,0,0
BRDA:202,38,1,0
BRDA:207,39,0,0
BRDA:207,39,1,0
BRDA:216,40,0,0
BRDA:216,40,1,0
BRDA:238,41,0,0
BRDA:238,41,1,0
BRDA:241,42,0,0
BRDA:241,42,1,0
BRDA:252,43,0,0
BRDA:252,43,1,0
BRDA:253,44,0,0
BRDA:253,44,1,0
BRDA:256,45,0,0
BRDA:256,45,1,0
BRDA:256,46,0,0
BRDA:256,46,1,0
BRDA:267,47,0,0
BRDA:267,47,1,0
BRDA:267,47,2,0
BRDA:267,47,3,0
BRDA:273,48,0,0
BRDA:273,48,1,0
BRDA:278,49,0,0
BRDA:278,49,1,0
BRDA:278,50,0,0
BRDA:278,50,1,0
BRDA:289,51,0,0
BRDA:289,51,1,0
BRDA:294,52,0,0
BRDA:294,52,1,0
BRDA:294,53,0,0
BRDA:294,53,1,0
BRDA:312,54,0,0
BRDA:312,54,1,0
BRDA:330,55,0,0
BRDA:330,55,1,0
BRDA:336,56,0,0
BRDA:336,56,1,0
BRDA:336,56,2,0
BRDA:339,57,0,0
BRDA:339,57,1,0
BRDA:345,58,0,0
BRDA:345,58,1,0
BRF:119
BRH:0
end_of_record
TN:
SF:api.js
FN:45,(anonymous_0)
FN:49,(anonymous_1)
FN:53,(anonymous_2)
FN:60,(anonymous_3)
FN:82,(anonymous_4)
FN:93,(anonymous_5)
FN:99,(anonymous_6)
FN:106,(anonymous_7)
FN:111,(anonymous_8)
FN:117,(anonymous_9)
FN:124,(anonymous_10)
FN:130,(anonymous_11)
FN:136,(anonymous_12)
FN:143,(anonymous_13)
FN:148,(anonymous_14)
FN:153,(anonymous_15)
FN:158,(anonymous_16)
FN:165,(anonymous_17)
FN:170,(anonymous_18)
FN:175,(anonymous_19)
FN:181,(anonymous_20)
FN:188,(anonymous_21)
FN:193,(anonymous_22)
FN:200,(anonymous_23)
FN:206,(anonymous_24)
FN:211,(anonymous_25)
FN:223,(anonymous_26)
FN:225,(anonymous_27)
FN:229,(anonymous_28)
FN:232,(anonymous_29)
FN:234,(anonymous_30)
FN:238,(anonymous_31)
FN:240,(anonymous_32)
FN:247,logAction
FN:252,(anonymous_34)
FN:256,(anonymous_35)
FN:260,(anonymous_36)
FN:265,(anonymous_37)
FN:269,(anonymous_38)
FN:273,(anonymous_39)
FN:277,(anonymous_40)
FN:282,(anonymous_41)
FN:286,(anonymous_42)
FN:306,(anonymous_43)
FN:321,(anonymous_44)
FN:331,(anonymous_45)
FN:341,(anonymous_46)
FN:345,(anonymous_47)
FN:349,basicAuth
FN:369,(anonymous_49)
FN:372,(anonymous_50)
FN:381,(anonymous_51)
FN:383,(anonymous_52)
FNF:53
FNH:0
FNDA:0,(anonymous_0)
FNDA:0,(anonymous_1)
FNDA:0,(anonymous_2)
FNDA:0,(anonymous_3)
FNDA:0,(anonymous_4)
FNDA:0,(anonymous_5)
FNDA:0,(anonymous_6)
FNDA:0,(anonymous_7)
FNDA:0,(anonymous_8)
FNDA:0,(anonymous_9)
FNDA:0,(anonymous_10)
FNDA:0,(anonymous_11)
FNDA:0,(anonymous_12)
FNDA:0,(anonymous_13)
FNDA:0,(anonymous_14)
FNDA:0,(anonymous_15)
FNDA:0,(anonymous_16)
FNDA:0,(anonymous_17)
FNDA:0,(anonymous_18)
FNDA:0,(anonymous_19)
FNDA:0,(anonymous_20)
FNDA:0,(anonymous_21)
FNDA:0,(anonymous_22)
FNDA:0,(anonymous_23)
FNDA:0,(anonymous_24)
FNDA:0,(anonymous_25)
FNDA:0,(anonymous_26)
FNDA:0,(anonymous_27)
FNDA:0,(anonymous_28)
FNDA:0,(anonymous_29)
FNDA:0,(anonymous_30)
FNDA:0,(anonymous_31)
FNDA:0,(anonymous_32)
FNDA:0,logAction
FNDA:0,(anonymous_34)
FNDA:0,(anonymous_35)
FNDA:0,(anonymous_36)
FNDA:0,(anonymous_37)
FNDA:0,(anonymous_38)
FNDA:0,(anonymous_39)
FNDA:0,(anonymous_40)
FNDA:0,(anonymous_41)
FNDA:0,(anonymous_42)
FNDA:0,(anonymous_43)
FNDA:0,(anonymous_44)
FNDA:0,(anonymous_45)
FNDA:0,(anonymous_46)
FNDA:0,(anonymous_47)
FNDA:0,basicAuth
FNDA:0,(anonymous_49)
FNDA:0,(anonymous_50)
FNDA:0,(anonymous_51)
FNDA:0,(anonymous_52)
DA:1,0
DA:2,0
DA:3,0
DA:4,0
DA:5,0
DA:6,0
DA:7,0
DA:8,0
DA:9,0
DA:10,0
DA:11,0
DA:12,0
DA:13,0
DA:14,0
DA:16,0
DA:17,0
DA:19,0
DA:20,0
DA:21,0
DA:23,0
DA:24,0
DA:25,0
DA:26,0
DA:27,0
DA:28,0
DA:29,0
DA:30,0
DA:31,0
DA:34,0
DA:35,0
DA:37,0
DA:45,0
DA:46,0
DA:49,0
DA:50,0
DA:53,0
DA:54,0
DA:55,0
DA:56,0
DA:57,0
DA:60,0
DA:61,0
DA:62,0
DA:63,0
DA:65,0
DA:66,0
DA:67,0
DA:69,0
DA:71,0
DA:72,0
DA:73,0
DA:74,0
DA:75,0
DA:76,0
DA:78,0
DA:82,0
DA:83,0
DA:84,0
DA:85,0
DA:86,0
DA:88,0
DA:93,0
DA:94,0
DA:95,0
DA:96,0
DA:97,0
DA:99,0
DA:100,0
DA:101,0
DA:102,0
DA:106,0
DA:107,0
DA:108,0
DA:109,0
DA:111,0
DA:112,0
DA:113,0
DA:114,0
DA:115,0
DA:117,0
DA:118,0
DA:119,0
DA:120,0
DA:124,0
DA:125,0
DA:126,0
DA:127,0
DA:128,0
DA:130,0
DA:131,0
DA:132,0
DA:133,0
DA:134,0
DA:136,0
DA:137,0
DA:138,0
DA:139,0
DA:143,0
DA:144,0
DA:145,0
DA:146,0
DA:148,0
DA:149,0
DA:153,0
DA:154,0
DA:155,0
DA:156,0
DA:158,0
DA:159,0
DA:160,0
DA:161,0
DA:165,0
DA:166,0
DA:167,0
DA:168,0
DA:170,0
DA:171,0
DA:175,0
DA:176,0
DA:177,0
DA:178,0
DA:179,0
DA:181,0
DA:182,0
DA:183,0
DA:184,0
DA:188,0
DA:189,0
DA:190,0
DA:191,0
DA:193,0
DA:194,0
DA:195,0
DA:196,0
DA:200,0
DA:201,0
DA:202,0
DA:203,0
DA:204,0
DA:206,0
DA:207,0
DA:208,0
DA:209,0
DA:211,0
DA:212,0
DA:222,0
DA:223,0
DA:224,0
DA:225,0
DA:226,0
DA:227,0
DA:229,0
DA:230,0
DA:232,0
DA:233,0
DA:234,0
DA:235,0
DA:236,0
DA:238,0
DA:239,0
DA:240,0
DA:241,0
DA:242,0
DA:246,0
DA:248,0
DA:249,0
DA:252,0
DA:253,0
DA:254,0
DA:256,0
DA:257,0
DA:258,0
DA:260,0
DA:261,0
DA:262,0
DA:265,0
DA:266,0
DA:267,0
DA:269,0
DA:270,0
DA:271,0
DA:273,0
DA:274,0
DA:275,0
DA:277,0
DA:278,0
DA:282,0
DA:283,0
DA:286,0
DA:287,0
DA:288,0
DA:289,0
DA:290,0
DA:291,0
DA:293,0
DA:294,0
DA:302,0
DA:306,0
DA:307,0
DA:308,0
DA:309,0
DA:310,0
DA:311,0
DA:313,0
DA:314,0
DA:317,0
DA:321,0
DA:322,0
DA:323,0
DA:324,0
DA:325,0
DA:327,0
DA:331,0
DA:332,0
DA:333,0
DA:334,0
DA:335,0
DA:337,0
DA:341,0
DA:342,0
DA:345,0
DA:347,0
DA:350,0
DA:351,0
DA:352,0
DA:353,0
DA:355,0
DA:356,0
DA:357,0
DA:358,0
DA:362,0
DA:368,0
DA:369,0
DA:370,0
DA:372,0
DA:373,0
DA:375,0
DA:376,0
DA:377,0
DA:378,0
DA:379,0
DA:381,0
DA:382,0
DA:383,0
DA:384,0
DA:385,0
DA:386,0
DA:387,0
DA:389,0
LF:249
LH:0
BRDA:63,0,0,0
BRDA:63,0,1,0
BRDA:65,1,0,0
BRDA:65,1,1,0
BRDA:66,2,0,0
BRDA:66,2,1,0
BRDA:72,3,0,0
BRDA:72,3,1,0
BRDA:224,4,0,0
BRDA:224,5,0,0
BRDA:225,6,0,0
BRDA:225,6,1,0
BRDA:235,7,0,0
BRDA:235,7,1,0
BRDA:241,8,0,0
BRDA:241,8,1,0
BRDA:249,9,0,0
BRDA:249,9,1,0
BRDA:289,10,0,0
BRDA:289,10,1,0
BRDA:309,11,0,0
BRDA:309,11,1,0
BRDA:351,12,0,0
BRDA:351,12,1,0
BRDA:351,13,0,0
BRDA:351,13,1,0
BRDA:356,14,0,0
BRDA:356,14,1,0
BRDA:356,15,0,0
BRDA:356,15,1,0
BRDA:376,16,0,0
BRDA:376,16,1,0
BRDA:384,17,0,0
BRDA:384,17,1,0
BRF:34
BRH:0
end_of_record
TN:
SF:backup-recovery.js
FN:15,(anonymous_0)
FN:29,(anonymous_1)
FN:38,(anonymous_2)
FN:103,(anonymous_3)
FN:104,(anonymous_4)
FN:129,(anonymous_5)
FN:130,(anonymous_6)
FN:176,(anonymous_7)
FN:179,(anonymous_8)
FN:180,(anonymous_9)
FN:192,(anonymous_10)
FN:196,(anonymous_11)
FN:200,(anonymous_12)
FN:204,(anonymous_13)
FN:208,(anonymous_14)
FN:211,(anonymous_15)
FN:217,(anonymous_16)
FN:218,(anonymous_17)
FN:245,(anonymous_18)
FN:246,(anonymous_19)
FN:268,(anonymous_20)
FN:271,(anonymous_21)
FN:273,(anonymous_22)
FN:283,(anonymous_23)
FN:295,(anonymous_24)
FN:303,(anonymous_25)
FN:310,(anonymous_26)
FN:326,(anonymous_27)
FN:334,(anonymous_28)
FN:335,(anonymous_29)
FN:337,(anonymous_30)
FN:344,(anonymous_31)
FN:346,(anonymous_32)
FN:348,(anonymous_33)
FN:349,(anonymous_34)
FN:360,(anonymous_35)
FN:371,(anonymous_36)
FN:385,(anonymous_37)
FN:398,(anonymous_38)
FN:411,(anonymous_39)
FN:425,(anonymous_40)
FN:433,(anonymous_41)
FN:455,(anonymous_42)
FN:484,(anonymous_43)
FN:497,(anonymous_44)
FN:510,(anonymous_45)
FN:528,(anonymous_46)
FNF:47
FNH:0
FNDA:0,(anonymous_0)
FNDA:0,(anonymous_1)
FNDA:0,(anonymous_2)
FNDA:0,(anonymous_3)
FNDA:0,(anonymous_4)
FNDA:0,(anonymous_5)
FNDA:0,(anonymous_6)
FNDA:0,(anonymous_7)
FNDA:0,(anonymous_8)
FNDA:0,(anonymous_9)
FNDA:0,(anonymous_10)
FNDA:0,(anonymous_11)
FNDA:0,(anonymous_12)
FNDA:0,(anonymous_13)
FNDA:0,(anonymous_14)
FNDA:0,(anonymous_15)
FNDA:0,(anonymous_16)
FNDA:0,(anonymous_17)
FNDA:0,(anonymous_18)
FNDA:0,(anonymous_19)
FNDA:0,(anonymous_20)
FNDA:0,(anonymous_21)
FNDA:0,(anonymous_22)
FNDA:0,(anonymous_23)
FNDA:0,(anonymous_24)
FNDA:0,(anonymous_25)
FNDA:0,(anonymous_26)
FNDA:0,(anonymous_27)
FNDA:0,(anonymous_28)
FNDA:0,(anonymous_29)
FNDA:0,(anonymous_30)
FNDA:0,(anonymous_31)
FNDA:0,(anonymous_32)
FNDA:0,(anonymous_33)
FNDA:0,(anonymous_34)
FNDA:0,(anonymous_35)
FNDA:0,(anonymous_36)
FNDA:0,(anonymous_37)
FNDA:0,(anonymous_38)
FNDA:0,(anonymous_39)
FNDA:0,(anonymous_40)
FNDA:0,(anonymous_41)
FNDA:0,(anonymous_42)
FNDA:0,(anonymous_43)
FNDA:0,(anonymous_44)
FNDA:0,(anonymous_45)
FNDA:0,(anonymous_46)
DA:6,0
DA:7,0
DA:8,0
DA:16,0
DA:17,0
DA:18,0
DA:19,0
DA:20,0
DA:21,0
DA:23,0
DA:30,0
DA:31,0
DA:39,0
DA:40,0
DA:42,0
DA:55,0
DA:57,0
DA:58,0
DA:61,0
DA:62,0
DA:63,0
DA:64,0
DA:68,0
DA:69,0
DA:70,0
DA:74,0
DA:77,0
DA:78,0
DA:80,0
DA:82,0
DA:83,0
DA:84,0
DA:85,0
DA:87,0
DA:90,0
DA:92,0
DA:94,0
DA:95,0
DA:96,0
DA:104,0
DA:106,0
DA:107,0
DA:110,0
DA:112,0
DA:121,0
DA:123,0
DA:130,0
DA:132,0
DA:133,0
DA:136,0
DA:138,0
DA:141,0
DA:142,0
DA:146,0
DA:147,0
DA:151,0
DA:152,0
DA:153,0
DA:157,0
DA:159,0
DA:166,0
DA:178,0
DA:179,0
DA:180,0
DA:182,0
DA:183,0
DA:186,0
DA:193,0
DA:195,0
DA:196,0
DA:199,0
DA:200,0
DA:203,0
DA:204,0
DA:207,0
DA:208,0
DA:211,0
DA:218,0
DA:220,0
DA:221,0
DA:224,0
DA:225,0
DA:226,0
DA:228,0
DA:235,0
DA:246,0
DA:248,0
DA:249,0
DA:252,0
DA:255,0
DA:256,0
DA:260,0
DA:262,0
DA:269,0
DA:271,0
DA:273,0
DA:274,0
DA:277,0
DA:284,0
DA:297,0
DA:304,0
DA:312,0
DA:313,0
DA:314,0
DA:316,0
DA:317,0
DA:318,0
DA:320,0
DA:328,0
DA:335,0
DA:337,0
DA:339,0
DA:344,0
DA:346,0
DA:348,0
DA:349,0
DA:361,0
DA:373,0
DA:386,0
DA:399,0
DA:413,0
DA:426,0
DA:427,0
DA:434,0
DA:436,0
DA:447,0
DA:449,0
DA:456,0
DA:458,0
DA:459,0
DA:462,0
DA:469,0
DA:470,0
DA:471,0
DA:474,0
DA:475,0
DA:476,0
DA:478,0
DA:485,0
DA:498,0
DA:507,0
DA:509,0
DA:510,0
DA:517,0
DA:518,0
DA:520,0
DA:522,0
DA:529,0
DA:537,0
LF:149
LH:0
BRDA:15,0,0,0
BRDA:16,1,0,0
BRDA:16,1,1,0
BRDA:17,2,0,0
BRDA:17,2,1,0
BRDA:18,3,0,0
BRDA:18,3,1,0
BRDA:30,4,0,0
BRDA:30,4,1,0
BRDA:38,5,0,0
BRDA:62,6,0,0
BRDA:62,6,1,0
BRDA:68,7,0,0
BRDA:68,7,1,0
BRDA:106,8,0,0
BRDA:106,8,1,0
BRDA:132,9,0,0
BRDA:132,9,1,0
BRDA:141,10,0,0
BRDA:141,10,1,0
BRDA:146,11,0,0
BRDA:146,11,1,0
BRDA:152,12,0,0
BRDA:152,12,1,0
BRDA:179,13,0,0
BRDA:179,13,1,0
BRDA:182,14,0,0
BRDA:182,14,1,0
BRDA:192,15,0,0
BRDA:195,16,0,0
BRDA:195,16,1,0
BRDA:199,17,0,0
BRDA:199,17,1,0
BRDA:203,18,0,0
BRDA:203,18,1,0
BRDA:207,19,0,0
BRDA:207,19,1,0
BRDA:220,20,0,0
BRDA:220,20,1,0
BRDA:248,21,0,0
BRDA:248,21,1,0
BRDA:255,22,0,0
BRDA:255,22,1,0
BRDA:335,23,0,0
BRDA:335,23,1,0
BRDA:344,24,0,0
BRDA:344,24,1,0
BRDA:346,25,0,0
BRDA:346,25,1,0
BRDA:360,26,0,0
BRDA:362,27,0,0
BRDA:362,27,1,0
BRDA:363,28,0,0
BRDA:363,28,1,0
BRDA:364,29,0,0
BRDA:364,29,1,0
BRDA:371,30,0,0
BRDA:375,31,0,0
BRDA:375,31,1,0
BRDA:385,32,0,0
BRDA:388,33,0,0
BRDA:388,33,1,0
BRDA:398,34,0,0
BRDA:401,35,0,0
BRDA:401,35,1,0
BRDA:439,36,0,0
BRDA:439,36,1,0
BRDA:440,37,0,0
BRDA:440,37,1,0
BRDA:441,38,0,0
BRDA:441,38,1,0
BRDA:442,39,0,0
BRDA:442,39,1,0
BRDA:443,40,0,0
BRDA:443,40,1,0
BRDA:458,41,0,0
BRDA:458,41,1,0
BRDA:509,42,0,0
BRDA:509,42,1,0
BRDA:532,43,0,0
BRDA:532,43,1,0
BRF:81
BRH:0
end_of_record
TN:
SF:blockchain.js
FN:10,(anonymous_0)
FN:26,(anonymous_1)
FN:33,(anonymous_2)
FN:40,(anonymous_3)
FN:47,SHA256
FN:52,(anonymous_5)
FN:61,(anonymous_6)
FN:68,(anonymous_7)
FN:76,(anonymous_8)
FN:84,(anonymous_9)
FN:91,(anonymous_10)
FN:95,(anonymous_11)
FN:99,(anonymous_12)
FN:126,(anonymous_13)
FN:143,(anonymous_14)
FN:161,(anonymous_15)
FN:167,(anonymous_16)
FN:176,(anonymous_17)
FN:180,(anonymous_18)
FN:187,(anonymous_19)
FN:228,(anonymous_20)
FN:246,(anonymous_21)
FN:254,(anonymous_22)
FN:261,(anonymous_23)
FNF:24
FNH:20
FNDA:14,(anonymous_0)
FNDA:0,(anonymous_1)
FNDA:3,(anonymous_2)
FNDA:2,(anonymous_3)
FNDA:48,SHA256
FNDA:25,(anonymous_5)
FNDA:48,(anonymous_6)
FNDA:1,(anonymous_7)
FNDA:3,(anonymous_8)
FNDA:19,(anonymous_9)
FNDA:19,(anonymous_10)
FNDA:3,(anonymous_11)
FNDA:4,(anonymous_12)
FNDA:1,(anonymous_13)
FNDA:0,(anonymous_14)
FNDA:3,(anonymous_15)
FNDA:3,(anonymous_16)
FNDA:0,(anonymous_17)
FNDA:0,(anonymous_18)
FNDA:3,(anonymous_19)
FNDA:2,(anonymous_20)
FNDA:11,(anonymous_21)
FNDA:6,(anonymous_22)
FNDA:6,(anonymous_23)
DA:4,1
DA:5,1
DA:7,1
DA:11,14
DA:16,14
DA:17,14
DA:18,1
DA:19,1
DA:21,13
DA:22,13
DA:27,0
DA:28,0
DA:30,0
DA:34,3
DA:35,3
DA:36,3
DA:37,3
DA:41,2
DA:42,2
DA:43,2
DA:48,48
DA:53,25
DA:54,25
DA:55,25
DA:56,25
DA:57,25
DA:58,25
DA:63,48
DA:69,1
DA:70,21
DA:71,21
DA:79,3
DA:85,19
DA:86,19
DA:87,19
DA:88,19
DA:92,19
DA:96,3
DA:101,4
DA:102,0
DA:104,4
DA:105,1
DA:108,3
DA:109,0
DA:110,0
DA:111,0
DA:119,0
DA:122,3
DA:123,3
DA:127,1
DA:128,1
DA:129,2
DA:130,1
DA:131,1
DA:133,1
DA:136,1
DA:137,0
DA:138,0
DA:140,1
DA:144,0
DA:145,0
DA:146,0
DA:147,0
DA:148,0
DA:152,0
DA:153,0
DA:154,0
DA:157,0
DA:162,3
DA:163,3
DA:164,0
DA:167,3
DA:168,3
DA:169,3
DA:170,3
DA:171,0
DA:173,0
DA:177,0
DA:181,0
DA:182,0
DA:183,0
DA:189,3
DA:191,0
DA:193,0
DA:194,0
DA:195,0
DA:196,0
DA:197,0
DA:198,0
DA:200,0
DA:201,0
DA:202,0
DA:204,0
DA:205,0
DA:206,0
DA:207,0
DA:210,3
DA:211,3
DA:212,3
DA:213,3
DA:214,3
DA:215,0
DA:217,3
DA:218,3
DA:219,3
DA:221,3
DA:222,3
DA:223,3
DA:224,3
DA:229,2
DA:230,1
DA:231,1
DA:233,1
DA:234,1
DA:237,0
DA:238,0
DA:241,1
DA:247,11
DA:248,11
DA:249,11
DA:250,11
DA:251,11
DA:255,6
DA:256,6
DA:257,6
DA:258,6
DA:262,6
DA:263,6
DA:264,5
DA:265,5
DA:266,5
DA:267,5
DA:272,1
DA:281,1
DA:283,0
DA:286,0
DA:287,0
DA:290,0
DA:291,0
DA:293,0
DA:294,0
DA:297,0
DA:300,0
DA:301,0
LF:144
LH:91
BRDA:10,0,0,13
BRDA:17,1,0,1
BRDA:17,1,1,13
BRDA:27,2,0,0
BRDA:27,2,1,0
BRDA:33,3,0,3
BRDA:34,4,0,0
BRDA:34,4,1,3
BRDA:52,5,0,3
BRDA:54,6,0,25
BRDA:54,6,1,0
BRDA:84,7,0,19
BRDA:101,8,0,0
BRDA:101,8,1,4
BRDA:101,9,0,4
BRDA:101,9,1,4
BRDA:101,9,2,4
BRDA:104,10,0,1
BRDA:104,10,1,3
BRDA:108,11,0,0
BRDA:108,11,1,3
BRDA:111,12,0,0
BRDA:111,12,1,0
BRDA:130,13,0,0
BRDA:130,13,1,1
BRDA:130,14,0,0
BRDA:130,14,1,0
BRDA:131,15,0,1
BRDA:131,15,1,0
BRDA:133,16,0,1
BRDA:133,16,1,0
BRDA:133,17,0,1
BRDA:133,17,1,1
BRDA:137,18,0,0
BRDA:137,18,1,0
BRDA:137,19,0,0
BRDA:137,19,1,0
BRDA:138,20,0,0
BRDA:138,20,1,0
BRDA:147,21,0,0
BRDA:147,21,1,0
BRDA:147,22,0,0
BRDA:147,22,1,0
BRDA:153,23,0,0
BRDA:153,23,1,0
BRDA:153,24,0,0
BRDA:153,24,1,0
BRDA:163,25,0,0
BRDA:163,25,1,3
BRDA:170,26,0,3
BRDA:170,26,1,0
BRDA:181,27,0,0
BRDA:181,27,1,0
BRDA:187,28,0,0
BRDA:189,29,0,0
BRDA:189,29,1,3
BRDA:200,30,0,0
BRDA:200,30,1,0
BRDA:214,31,0,0
BRDA:214,31,1,3
BRDA:217,32,0,3
BRDA:217,32,1,0
BRDA:233,33,0,1
BRDA:233,33,1,0
BRDA:237,34,0,0
BRDA:237,34,1,0
BRDA:246,35,0,10
BRDA:246,36,0,10
BRDA:262,37,0,0
BRDA:262,37,1,6
BRDA:263,38,0,1
BRDA:263,38,1,5
BRDA:263,39,0,6
BRDA:263,39,1,5
BRDA:281,40,0,0
BRDA:281,40,1,1
BRF:76
BRH:34
end_of_record
TN:
SF:blockchain.test.js
FN:3,(anonymous_0)
FN:5,(anonymous_1)
FN:13,(anonymous_2)
FN:18,(anonymous_3)
FN:23,(anonymous_4)
FN:32,(anonymous_5)
FNF:6
FNH:0
FNDA:0,(anonymous_0)
FNDA:0,(anonymous_1)
FNDA:0,(anonymous_2)
FNDA:0,(anonymous_3)
FNDA:0,(anonymous_4)
FNDA:0,(anonymous_5)
DA:1,0
DA:3,0
DA:5,0
DA:6,0
DA:7,0
DA:8,0
DA:9,0
DA:10,0
DA:13,0
DA:14,0
DA:15,0
DA:16,0
DA:17,0
DA:18,0
DA:19,0
DA:23,0
DA:24,0
DA:25,0
DA:26,0
DA:27,0
DA:28,0
DA:29,0
DA:32,0
DA:33,0
DA:34,0
DA:35,0
DA:36,0
DA:37,0
DA:38,0
LF:29
LH:0
BRF:0
BRH:0
end_of_record
TN:
SF:bridge.js
FN:3,(anonymous_0)
FN:7,(anonymous_1)
FN:11,(anonymous_2)
FN:18,(anonymous_3)
FN:22,(anonymous_4)
FN:26,(anonymous_5)
FNF:6
FNH:0
FNDA:0,(anonymous_0)
FNDA:0,(anonymous_1)
FNDA:0,(anonymous_2)
FNDA:0,(anonymous_3)
FNDA:0,(anonymous_4)
FNDA:0,(anonymous_5)
DA:4,0
DA:8,0
DA:12,0
DA:13,0
DA:19,0
DA:23,0
DA:27,0
DA:31,0
LF:8
LH:0
BRDA:8,0,0,0
BRDA:8,0,1,0
BRDA:12,1,0,0
BRDA:12,1,1,0
BRDA:12,2,0,0
BRDA:12,2,1,0
BRDA:27,3,0,0
BRDA:27,3,1,0
BRF:8
BRH:0
end_of_record
TN:
SF:bridgeui.js
FN:3,(anonymous_0)
FN:7,(anonymous_1)
FN:11,(anonymous_2)
FNF:3
FNH:0
FNDA:0,(anonymous_0)
FNDA:0,(anonymous_1)
FNDA:0,(anonymous_2)
DA:4,0
DA:8,0
DA:12,0
DA:16,0
LF:4
LH:0
BRF:0
BRH:0
end_of_record
TN:
SF:carbon.js
FN:3,(anonymous_0)
FN:7,(anonymous_1)
FN:11,(anonymous_2)
FN:12,(anonymous_3)
FNF:4
FNH:0
FNDA:0,(anonymous_0)
FNDA:0,(anonymous_1)
FNDA:0,(anonymous_2)
FNDA:0,(anonymous_3)
DA:4,0
DA:8,0
DA:12,0
DA:13,0
DA:14,0
DA:18,0
LF:6
LH:0
BRDA:12,0,0,0
BRDA:12,0,1,0
BRDA:12,0,2,0
BRDA:13,1,0,0
BRDA:13,1,1,0
BRF:5
BRH:0
end_of_record
TN:
SF:cli.js
FN:17,prompt
FN:18,(anonymous_1)
FN:292,(anonymous_2)
FNF:3
FNH:0
FNDA:0,prompt
FNDA:0,(anonymous_1)
FNDA:0,(anonymous_2)
DA:2,0
DA:3,0
DA:4,0
DA:5,0
DA:6,0
DA:8,0
DA:13,0
DA:14,0
DA:15,0
DA:18,0
DA:19,0
DA:20,0
DA:22,0
DA:23,0
DA:24,0
DA:25,0
DA:26,0
DA:29,0
DA:30,0
DA:31,0
DA:34,0
DA:35,0
DA:36,0
DA:39,0
DA:40,0
DA:41,0
DA:42,0
DA:43,0
DA:46,0
DA:47,0
DA:48,0
DA:49,0
DA:50,0
DA:51,0
DA:52,0
DA:53,0
DA:55,0
DA:56,0
DA:59,0
DA:60,0
DA:61,0
DA:64,0
DA:65,0
DA:66,0
DA:68,0
DA:70,0
DA:73,0
DA:74,0
DA:77,0
DA:78,0
DA:79,0
DA:80,0
DA:81,0
DA:82,0
DA:83,0
DA:84,0
DA:85,0
DA:88,0
DA:89,0
DA:90,0
DA:91,0
DA:92,0
DA:93,0
DA:94,0
DA:95,0
DA:96,0
DA:99,0
DA:100,0
DA:104,0
DA:105,0
DA:108,0
DA:109,0
DA:110,0
DA:111,0
DA:112,0
DA:113,0
DA:114,0
DA:117,0
DA:118,0
DA:119,0
DA:120,0
DA:121,0
DA:122,0
DA:125,0
DA:126,0
DA:127,0
DA:128,0
DA:129,0
DA:130,0
DA:133,0
DA:134,0
DA:135,0
DA:136,0
DA:137,0
DA:138,0
DA:141,0
DA:142,0
DA:143,0
DA:144,0
DA:145,0
DA:146,0
DA:147,0
DA:150,0
DA:151,0
DA:152,0
DA:153,0
DA:154,0
DA:155,0
DA:156,0
DA:157,0
DA:160,0
DA:161,0
DA:162,0
DA:163,0
DA:164,0
DA:165,0
DA:166,0
DA:169,0
DA:170,0
DA:171,0
DA:172,0
DA:173,0
DA:176,0
DA:177,0
DA:178,0
DA:179,0
DA:180,0
DA:183,0
DA:184,0
DA:185,0
DA:186,0
DA:187,0
DA:188,0
DA:189,0
DA:192,0
DA:193,0
DA:194,0
DA:195,0
DA:196,0
DA:197,0
DA:200,0
DA:201,0
DA:202,0
DA:203,0
DA:204,0
DA:205,0
DA:208,0
DA:209,0
DA:210,0
DA:211,0
DA:212,0
DA:213,0
DA:216,0
DA:217,0
DA:218,0
DA:219,0
DA:220,0
DA:221,0
DA:224,0
DA:225,0
DA:226,0
DA:227,0
DA:228,0
DA:231,0
DA:232,0
DA:233,0
DA:234,0
DA:235,0
DA:236,0
DA:239,0
DA:240,0
DA:241,0
DA:242,0
DA:243,0
DA:244,0
DA:245,0
DA:248,0
DA:249,0
DA:250,0
DA:251,0
DA:252,0
DA:253,0
DA:254,0
DA:257,0
DA:258,0
DA:259,0
DA:260,0
DA:261,0
DA:264,0
DA:265,0
DA:266,0
DA:267,0
DA:268,0
DA:269,0
DA:270,0
DA:271,0
DA:274,0
DA:275,0
DA:276,0
DA:277,0
DA:278,0
DA:281,0
DA:282,0
DA:284,0
DA:288,0
DA:292,0
DA:293,0
DA:294,0
DA:297,0
DA:298,0
LF:210
LH:0
BRDA:20,0,0,0
BRDA:20,0,1,0
BRDA:20,0,2,0
BRDA:20,0,3,0
BRDA:20,0,4,0
BRDA:20,0,5,0
BRDA:20,0,6,0
BRDA:20,0,7,0
BRDA:20,0,8,0
BRDA:20,0,9,0
BRDA:20,0,10,0
BRDA:20,0,11,0
BRDA:20,0,12,0
BRDA:20,0,13,0
BRDA:20,0,14,0
BRDA:20,0,15,0
BRDA:20,0,16,0
BRDA:20,0,17,0
BRDA:20,0,18,0
BRDA:20,0,19,0
BRDA:20,0,20,0
BRDA:20,0,21,0
BRDA:20,0,22,0
BRDA:20,0,23,0
BRDA:20,0,24,0
BRDA:20,0,25,0
BRDA:20,0,26,0
BRDA:20,0,27,0
BRDA:20,0,28,0
BRDA:20,0,29,0
BRDA:20,0,30,0
BRDA:20,0,31,0
BRDA:20,0,32,0
BRDA:50,1,0,0
BRDA:50,1,1,0
BRDA:52,2,0,0
BRDA:52,2,1,0
BRDA:57,3,0,0
BRDA:57,3,1,0
BRDA:100,4,0,0
BRDA:100,4,1,0
BRDA:111,5,0,0
BRDA:111,5,1,0
BRDA:113,6,0,0
BRDA:113,6,1,0
BRDA:119,7,0,0
BRDA:119,7,1,0
BRDA:127,8,0,0
BRDA:127,8,1,0
BRDA:135,9,0,0
BRDA:135,9,1,0
BRDA:144,10,0,0
BRDA:144,10,1,0
BRDA:154,11,0,0
BRDA:154,11,1,0
BRDA:163,12,0,0
BRDA:163,12,1,0
BRDA:170,13,0,0
BRDA:170,13,1,0
BRDA:177,14,0,0
BRDA:177,14,1,0
BRDA:186,15,0,0
BRDA:186,15,1,0
BRDA:188,16,0,0
BRDA:188,16,1,0
BRDA:194,17,0,0
BRDA:194,17,1,0
BRDA:202,18,0,0
BRDA:202,18,1,0
BRDA:210,19,0,0
BRDA:210,19,1,0
BRDA:218,20,0,0
BRDA:218,20,1,0
BRDA:225,21,0,0
BRDA:225,21,1,0
BRDA:233,22,0,0
BRDA:233,22,1,0
BRDA:242,23,0,0
BRDA:242,23,1,0
BRDA:251,24,0,0
BRDA:251,24,1,0
BRDA:258,25,0,0
BRDA:258,25,1,0
BRDA:268,26,0,0
BRDA:268,26,1,0
BRDA:275,27,0,0
BRDA:275,27,1,0
BRF:87
BRH:0
end_of_record
TN:
SF:compliance.js
FN:3,(anonymous_0)
FN:7,(anonymous_1)
FN:11,(anonymous_2)
FNF:3
FNH:0
FNDA:0,(anonymous_0)
FNDA:0,(anonymous_1)
FNDA:0,(anonymous_2)
DA:4,0
DA:8,0
DA:12,0
DA:16,0
LF:4
LH:0
BRF:0
BRH:0
end_of_record
TN:
SF:contract-templates.js
FNF:0
FNH:0
DA:4,0
DA:30,0
DA:80,0
DA:117,0
DA:252,0
DA:349,0
LF:6
LH:0
BRF:0
BRH:0
end_of_record
TN:
SF:crowdfunding.js
FN:3,(anonymous_0)
FN:7,(anonymous_1)
FN:13,(anonymous_2)
FNF:3
FNH:0
FNDA:0,(anonymous_0)
FNDA:0,(anonymous_1)
FNDA:0,(anonymous_2)
DA:4,0
DA:8,0
DA:9,0
DA:10,0
DA:14,0
DA:15,0
DA:16,0
DA:20,0
LF:8
LH:0
BRF:0
BRH:0
end_of_record
TN:
SF:dao.js
FN:3,(anonymous_0)
FN:9,(anonymous_1)
FN:13,(anonymous_2)
FN:19,(anonymous_3)
FNF:4
FNH:0
FNDA:0,(anonymous_0)
FNDA:0,(anonymous_1)
FNDA:0,(anonymous_2)
FNDA:0,(anonymous_3)
DA:4,0
DA:5,0
DA:6,0
DA:10,0
DA:14,0
DA:15,0
DA:16,0
DA:20,0
DA:21,0
DA:25,0
LF:10
LH:0
BRDA:20,0,0,0
BRDA:20,0,1,0
BRF:2
BRH:0
end_of_record
TN:
SF:decentralized-storage.js
FN:13,(anonymous_0)
FN:21,(anonymous_1)
FN:54,(anonymous_2)
FN:67,(anonymous_3)
FN:82,(anonymous_4)
FN:97,(anonymous_5)
FN:114,(anonymous_6)
FN:122,(anonymous_7)
FN:151,(anonymous_8)
FN:164,(anonymous_9)
FN:177,(anonymous_10)
FN:181,(anonymous_11)
FN:207,(anonymous_12)
FN:215,(anonymous_13)
FN:223,(anonymous_14)
FN:246,(anonymous_15)
FN:263,(anonymous_16)
FN:276,(anonymous_17)
FN:286,(anonymous_18)
FN:299,(anonymous_19)
FN:321,(anonymous_20)
FN:334,(anonymous_21)
FN:351,(anonymous_22)
FN:358,(anonymous_23)
FN:359,(anonymous_24)
FN:368,(anonymous_25)
FN:392,(anonymous_26)
FN:402,(anonymous_27)
FN:410,(anonymous_28)
FN:418,(anonymous_29)
FN:422,(anonymous_30)
FNF:31
FNH:0
FNDA:0,(anonymous_0)
FNDA:0,(anonymous_1)
FNDA:0,(anonymous_2)
FNDA:0,(anonymous_3)
FNDA:0,(anonymous_4)
FNDA:0,(anonymous_5)
FNDA:0,(anonymous_6)
FNDA:0,(anonymous_7)
FNDA:0,(anonymous_8)
FNDA:0,(anonymous_9)
FNDA:0,(anonymous_10)
FNDA:0,(anonymous_11)
FNDA:0,(anonymous_12)
FNDA:0,(anonymous_13)
FNDA:0,(anonymous_14)
FNDA:0,(anonymous_15)
FNDA:0,(anonymous_16)
FNDA:0,(anonymous_17)
FNDA:0,(anonymous_18)
FNDA:0,(anonymous_19)
FNDA:0,(anonymous_20)
FNDA:0,(anonymous_21)
FNDA:0,(anonymous_22)
FNDA:0,(anonymous_23)
FNDA:0,(anonymous_24)
FNDA:0,(anonymous_25)
FNDA:0,(anonymous_26)
FNDA:0,(anonymous_27)
FNDA:0,(anonymous_28)
FNDA:0,(anonymous_29)
FNDA:0,(anonymous_30)
DA:6,0
DA:7,0
DA:14,0
DA:15,0
DA:22,0
DA:24,0
DA:25,0
DA:26,0
DA:27,0
DA:29,0
DA:32,0
DA:37,0
DA:38,0
DA:41,0
DA:43,0
DA:55,0
DA:57,0
DA:58,0
DA:61,0
DA:68,0
DA:72,0
DA:73,0
DA:76,0
DA:83,0
DA:87,0
DA:88,0
DA:91,0
DA:98,0
DA:102,0
DA:103,0
DA:106,0
DA:115,0
DA:116,0
DA:123,0
DA:128,0
DA:134,0
DA:135,0
DA:138,0
DA:140,0
DA:152,0
DA:154,0
DA:155,0
DA:158,0
DA:165,0
DA:167,0
DA:168,0
DA:171,0
DA:178,0
DA:181,0
DA:196,0
DA:202,0
DA:203,0
DA:206,0
DA:207,0
DA:216,0
DA:217,0
DA:224,0
DA:226,0
DA:234,0
DA:247,0
DA:253,0
DA:254,0
DA:257,0
DA:264,0
DA:277,0
DA:278,0
DA:287,0
DA:293,0
DA:300,0
DA:301,0
DA:304,0
DA:307,0
DA:308,0
DA:315,0
DA:323,0
DA:324,0
DA:325,0
DA:328,0
DA:335,0
DA:337,0
DA:338,0
DA:339,0
DA:341,0
DA:345,0
DA:352,0
DA:359,0
DA:369,0
DA:371,0
DA:372,0
DA:375,0
DA:376,0
DA:379,0
DA:381,0
DA:393,0
DA:394,0
DA:403,0
DA:404,0
DA:411,0
DA:412,0
DA:419,0
DA:422,0
DA:432,0
LF:102
LH:0
BRDA:14,0,0,0
BRDA:14,0,1,0
BRDA:15,1,0,0
BRDA:15,1,1,0
BRDA:21,2,0,0
BRDA:24,3,0,0
BRDA:24,3,1,0
BRDA:26,4,0,0
BRDA:26,4,1,0
BRDA:37,5,0,0
BRDA:37,5,1,0
BRDA:57,6,0,0
BRDA:57,6,1,0
BRDA:72,7,0,0
BRDA:72,7,1,0
BRDA:87,8,0,0
BRDA:87,8,1,0
BRDA:102,9,0,0
BRDA:102,9,1,0
BRDA:115,10,0,0
BRDA:115,10,1,0
BRDA:122,11,0,0
BRDA:134,12,0,0
BRDA:134,12,1,0
BRDA:154,13,0,0
BRDA:154,13,1,0
BRDA:167,14,0,0
BRDA:167,14,1,0
BRDA:202,15,0,0
BRDA:202,15,1,0
BRDA:216,16,0,0
BRDA:216,16,1,0
BRDA:223,17,0,0
BRDA:229,18,0,0
BRDA:229,18,1,0
BRDA:230,19,0,0
BRDA:230,19,1,0
BRDA:231,20,0,0
BRDA:231,20,1,0
BRDA:237,21,0,0
BRDA:237,21,1,0
BRDA:253,22,0,0
BRDA:253,22,1,0
BRDA:288,23,0,0
BRDA:288,23,1,0
BRDA:289,24,0,0
BRDA:289,24,1,0
BRDA:290,25,0,0
BRDA:290,25,1,0
BRDA:299,26,0,0
BRDA:299,27,0,0
BRDA:300,28,0,0
BRDA:300,28,1,0
BRDA:307,29,0,0
BRDA:307,29,1,0
BRDA:321,30,0,0
BRDA:323,31,0,0
BRDA:323,31,1,0
BRDA:325,32,0,0
BRDA:325,32,1,0
BRDA:334,33,0,0
BRDA:371,34,0,0
BRDA:371,34,1,0
BRDA:375,35,0,0
BRDA:375,35,1,0
BRDA:392,36,0,0
BRDA:402,37,0,0
BRDA:410,38,0,0
BRF:68
BRH:0
end_of_record
TN:
SF:defi-advanced.js
FN:5,(anonymous_0)
FN:11,(anonymous_1)
FN:31,(anonymous_2)
FN:55,(anonymous_3)
FN:76,(anonymous_4)
FN:92,(anonymous_5)
FN:102,(anonymous_6)
FN:113,(anonymous_7)
FN:115,(anonymous_8)
FN:116,(anonymous_9)
FN:119,(anonymous_10)
FN:123,(anonymous_11)
FN:129,(anonymous_12)
FN:135,(anonymous_13)
FN:141,(anonymous_14)
FN:152,(anonymous_15)
FN:207,(anonymous_16)
FN:211,(anonymous_17)
FN:217,(anonymous_18)
FN:223,(anonymous_19)
FN:244,(anonymous_20)
FN:271,(anonymous_21)
FN:287,(anonymous_22)
FN:298,(anonymous_23)
FN:302,(anonymous_24)
FN:306,(anonymous_25)
FN:312,(anonymous_26)
FN:317,(anonymous_27)
FN:337,(anonymous_28)
FN:349,(anonymous_29)
FN:372,(anonymous_30)
FN:391,(anonymous_31)
FNF:32
FNH:0
FNDA:0,(anonymous_0)
FNDA:0,(anonymous_1)
FNDA:0,(anonymous_2)
FNDA:0,(anonymous_3)
FNDA:0,(anonymous_4)
FNDA:0,(anonymous_5)
FNDA:0,(anonymous_6)
FNDA:0,(anonymous_7)
FNDA:0,(anonymous_8)
FNDA:0,(anonymous_9)
FNDA:0,(anonymous_10)
FNDA:0,(anonymous_11)
FNDA:0,(anonymous_12)
FNDA:0,(anonymous_13)
FNDA:0,(anonymous_14)
FNDA:0,(anonymous_15)
FNDA:0,(anonymous_16)
FNDA:0,(anonymous_17)
FNDA:0,(anonymous_18)
FNDA:0,(anonymous_19)
FNDA:0,(anonymous_20)
FNDA:0,(anonymous_21)
FNDA:0,(anonymous_22)
FNDA:0,(anonymous_23)
FNDA:0,(anonymous_24)
FNDA:0,(anonymous_25)
FNDA:0,(anonymous_26)
FNDA:0,(anonymous_27)
FNDA:0,(anonymous_28)
FNDA:0,(anonymous_29)
FNDA:0,(anonymous_30)
FNDA:0,(anonymous_31)
DA:2,0
DA:6,0
DA:7,0
DA:8,0
DA:12,0
DA:14,0
DA:27,0
DA:28,0
DA:32,0
DA:33,0
DA:34,0
DA:36,0
DA:38,0
DA:49,0
DA:50,0
DA:52,0
DA:56,0
DA:57,0
DA:58,0
DA:59,0
DA:60,0
DA:63,0
DA:64,0
DA:66,0
DA:67,0
DA:69,0
DA:77,0
DA:78,0
DA:79,0
DA:81,0
DA:83,0
DA:84,0
DA:86,0
DA:87,0
DA:89,0
DA:93,0
DA:94,0
DA:96,0
DA:97,0
DA:99,0
DA:103,0
DA:104,0
DA:106,0
DA:114,0
DA:115,0
DA:116,0
DA:120,0
DA:121,0
DA:123,0
DA:125,0
DA:129,0
DA:136,0
DA:137,0
DA:138,0
DA:142,0
DA:143,0
DA:146,0
DA:147,0
DA:149,0
DA:153,0
DA:154,0
DA:157,0
DA:158,0
DA:159,0
DA:162,0
DA:163,0
DA:164,0
DA:166,0
DA:177,0
DA:179,0
DA:181,0
DA:184,0
DA:185,0
DA:188,0
DA:189,0
DA:191,0
DA:199,0
DA:200,0
DA:203,0
DA:208,0
DA:212,0
DA:218,0
DA:219,0
DA:220,0
DA:224,0
DA:226,0
DA:238,0
DA:239,0
DA:241,0
DA:245,0
DA:246,0
DA:247,0
DA:248,0
DA:249,0
DA:250,0
DA:252,0
DA:254,0
DA:265,0
DA:266,0
DA:268,0
DA:272,0
DA:273,0
DA:274,0
DA:276,0
DA:277,0
DA:280,0
DA:281,0
DA:282,0
DA:284,0
DA:288,0
DA:289,0
DA:291,0
DA:292,0
DA:293,0
DA:295,0
DA:299,0
DA:303,0
DA:307,0
DA:313,0
DA:314,0
DA:318,0
DA:320,0
DA:333,0
DA:334,0
DA:338,0
DA:339,0
DA:340,0
DA:342,0
DA:343,0
DA:344,0
DA:346,0
DA:350,0
DA:351,0
DA:352,0
DA:353,0
DA:354,0
DA:356,0
DA:358,0
DA:359,0
DA:361,0
DA:364,0
DA:365,0
DA:366,0
DA:367,0
DA:369,0
DA:373,0
DA:375,0
DA:387,0
DA:388,0
DA:392,0
DA:393,0
DA:394,0
DA:396,0
DA:397,0
DA:399,0
DA:400,0
DA:401,0
DA:402,0
DA:403,0
DA:405,0
DA:409,0
LF:161
LH:0
BRDA:11,0,0,0
BRDA:33,1,0,0
BRDA:33,1,1,0
BRDA:34,2,0,0
BRDA:34,2,1,0
BRDA:57,3,0,0
BRDA:57,3,1,0
BRDA:58,4,0,0
BRDA:58,4,1,0
BRDA:59,5,0,0
BRDA:59,5,1,0
BRDA:78,6,0,0
BRDA:78,6,1,0
BRDA:79,7,0,0
BRDA:79,7,1,0
BRDA:94,8,0,0
BRDA:94,8,1,0
BRDA:104,9,0,0
BRDA:104,9,1,0
BRDA:121,10,0,0
BRDA:121,10,1,0
BRDA:128,11,0,0
BRDA:128,11,1,0
BRDA:142,12,0,0
BRDA:142,12,1,0
BRDA:153,13,0,0
BRDA:153,13,1,0
BRDA:158,14,0,0
BRDA:158,14,1,0
BRDA:184,15,0,0
BRDA:184,15,1,0
BRDA:212,16,0,0
BRDA:212,16,1,0
BRDA:246,17,0,0
BRDA:246,17,1,0
BRDA:247,18,0,0
BRDA:247,18,1,0
BRDA:248,19,0,0
BRDA:248,19,1,0
BRDA:249,20,0,0
BRDA:249,20,1,0
BRDA:250,21,0,0
BRDA:250,21,1,0
BRDA:273,22,0,0
BRDA:273,22,1,0
BRDA:274,23,0,0
BRDA:274,23,1,0
BRDA:276,24,0,0
BRDA:276,24,1,0
BRDA:289,25,0,0
BRDA:289,25,1,0
BRDA:339,26,0,0
BRDA:339,26,1,0
BRDA:340,27,0,0
BRDA:340,27,1,0
BRDA:351,28,0,0
BRDA:351,28,1,0
BRDA:352,29,0,0
BRDA:352,29,1,0
BRDA:353,30,0,0
BRDA:353,30,1,0
BRDA:354,31,0,0
BRDA:354,31,1,0
BRDA:358,32,0,0
BRDA:358,32,1,0
BRDA:393,33,0,0
BRDA:393,33,1,0
BRDA:394,34,0,0
BRDA:394,34,1,0
BRF:69
BRH:0
end_of_record
TN:
SF:defi.js
FN:3,(anonymous_0)
FN:12,(anonymous_1)
FN:16,(anonymous_2)
FN:21,(anonymous_3)
FN:58,(anonymous_4)
FN:77,(anonymous_5)
FN:147,(anonymous_6)
FN:186,(anonymous_7)
FN:187,(anonymous_8)
FN:198,(anonymous_9)
FN:207,(anonymous_10)
FN:217,(anonymous_11)
FN:218,(anonymous_12)
FN:219,(anonymous_13)
FN:225,(anonymous_14)
FN:245,(anonymous_15)
FN:246,(anonymous_16)
FN:249,(anonymous_17)
FN:256,(anonymous_18)
FN:260,(anonymous_19)
FN:273,(anonymous_20)
FN:295,(anonymous_21)
FN:317,(anonymous_22)
FN:342,(anonymous_23)
FN:347,(anonymous_24)
FN:390,(anonymous_25)
FN:398,(anonymous_26)
FNF:27
FNH:0
FNDA:0,(anonymous_0)
FNDA:0,(anonymous_1)
FNDA:0,(anonymous_2)
FNDA:0,(anonymous_3)
FNDA:0,(anonymous_4)
FNDA:0,(anonymous_5)
FNDA:0,(anonymous_6)
FNDA:0,(anonymous_7)
FNDA:0,(anonymous_8)
FNDA:0,(anonymous_9)
FNDA:0,(anonymous_10)
FNDA:0,(anonymous_11)
FNDA:0,(anonymous_12)
FNDA:0,(anonymous_13)
FNDA:0,(anonymous_14)
FNDA:0,(anonymous_15)
FNDA:0,(anonymous_16)
FNDA:0,(anonymous_17)
FNDA:0,(anonymous_18)
FNDA:0,(anonymous_19)
FNDA:0,(anonymous_20)
FNDA:0,(anonymous_21)
FNDA:0,(anonymous_22)
FNDA:0,(anonymous_23)
FNDA:0,(anonymous_24)
FNDA:0,(anonymous_25)
FNDA:0,(anonymous_26)
DA:4,0
DA:5,0
DA:6,0
DA:7,0
DA:8,0
DA:9,0
DA:13,0
DA:17,0
DA:22,0
DA:23,0
DA:26,0
DA:27,0
DA:28,0
DA:37,0
DA:40,0
DA:42,0
DA:45,0
DA:51,0
DA:52,0
DA:53,0
DA:55,0
DA:59,0
DA:60,0
DA:62,0
DA:63,0
DA:66,0
DA:67,0
DA:68,0
DA:70,0
DA:71,0
DA:72,0
DA:74,0
DA:79,0
DA:80,0
DA:81,0
DA:83,0
DA:84,0
DA:85,0
DA:86,0
DA:90,0
DA:91,0
DA:92,0
DA:93,0
DA:94,0
DA:97,0
DA:98,0
DA:101,0
DA:102,0
DA:105,0
DA:109,0
DA:112,0
DA:114,0
DA:115,0
DA:119,0
DA:120,0
DA:125,0
DA:126,0
DA:130,0
DA:131,0
DA:132,0
DA:134,0
DA:135,0
DA:138,0
DA:148,0
DA:149,0
DA:150,0
DA:154,0
DA:155,0
DA:156,0
DA:157,0
DA:158,0
DA:159,0
DA:161,0
DA:164,0
DA:175,0
DA:177,0
DA:187,0
DA:188,0
DA:189,0
DA:192,0
DA:193,0
DA:194,0
DA:197,0
DA:198,0
DA:200,0
DA:208,0
DA:209,0
DA:210,0
DA:213,0
DA:214,0
DA:218,0
DA:219,0
DA:220,0
DA:226,0
DA:227,0
DA:235,0
DA:237,0
DA:246,0
DA:247,0
DA:249,0
DA:250,0
DA:251,0
DA:252,0
DA:257,0
DA:260,0
DA:261,0
DA:262,0
DA:266,0
DA:274,0
DA:275,0
DA:277,0
DA:278,0
DA:280,0
DA:281,0
DA:284,0
DA:290,0
DA:296,0
DA:297,0
DA:298,0
DA:300,0
DA:301,0
DA:302,0
DA:303,0
DA:306,0
DA:307,0
DA:311,0
DA:312,0
DA:314,0
DA:320,0
DA:322,0
DA:323,0
DA:326,0
DA:327,0
DA:328,0
DA:331,0
DA:337,0
DA:338,0
DA:342,0
DA:343,0
DA:348,0
DA:349,0
DA:350,0
DA:352,0
DA:353,0
DA:355,0
DA:358,0
DA:359,0
DA:360,0
DA:362,0
DA:364,0
DA:365,0
DA:366,0
DA:369,0
DA:370,0
DA:371,0
DA:373,0
DA:374,0
DA:375,0
DA:377,0
DA:379,0
DA:382,0
DA:387,0
DA:389,0
DA:390,0
DA:399,0
DA:400,0
DA:402,0
DA:405,0
DA:406,0
DA:408,0
DA:409,0
DA:412,0
DA:416,0
DA:417,0
DA:418,0
DA:419,0
LF:176
LH:0
BRDA:22,0,0,0
BRDA:22,0,1,0
BRDA:22,1,0,0
BRDA:22,1,1,0
BRDA:27,2,0,0
BRDA:27,2,1,0
BRDA:40,3,0,0
BRDA:40,3,1,0
BRDA:62,4,0,0
BRDA:62,4,1,0
BRDA:83,5,0,0
BRDA:83,5,1,0
BRDA:90,6,0,0
BRDA:90,6,1,0
BRDA:90,7,0,0
BRDA:90,7,1,0
BRDA:97,8,0,0
BRDA:97,8,1,0
BRDA:101,9,0,0
BRDA:101,9,1,0
BRDA:102,10,0,0
BRDA:102,10,1,0
BRDA:114,11,0,0
BRDA:114,11,1,0
BRDA:125,12,0,0
BRDA:125,12,1,0
BRDA:130,13,0,0
BRDA:130,13,1,0
BRDA:154,14,0,0
BRDA:154,14,1,0
BRDA:156,15,0,0
BRDA:156,15,1,0
BRDA:158,16,0,0
BRDA:158,16,1,0
BRDA:188,17,0,0
BRDA:188,17,1,0
BRDA:193,18,0,0
BRDA:193,18,1,0
BRDA:214,19,0,0
BRDA:214,19,1,0
BRDA:261,20,0,0
BRDA:261,20,1,0
BRDA:280,21,0,0
BRDA:280,21,1,0
BRDA:300,22,0,0
BRDA:300,22,1,0
BRDA:306,23,0,0
BRDA:306,23,1,0
BRDA:306,24,0,0
BRDA:306,24,1,0
BRDA:306,24,2,0
BRDA:311,25,0,0
BRDA:311,25,1,0
BRDA:322,26,0,0
BRDA:322,26,1,0
BRDA:327,27,0,0
BRDA:327,27,1,0
BRDA:337,28,0,0
BRDA:337,28,1,0
BRDA:355,29,0,0
BRDA:355,29,1,0
BRDA:355,29,2,0
BRDA:355,29,3,0
BRDA:360,30,0,0
BRDA:360,30,1,0
BRDA:360,31,0,0
BRDA:360,31,1,0
BRDA:399,32,0,0
BRDA:399,32,1,0
BRF:69
BRH:0
end_of_record
TN:
SF:dex.js
FN:3,(anonymous_0)
FN:7,(anonymous_1)
FN:14,(anonymous_2)
FNF:3
FNH:0
FNDA:0,(anonymous_0)
FNDA:0,(anonymous_1)
FNDA:0,(anonymous_2)
DA:4,0
DA:8,0
DA:9,0
DA:10,0
DA:11,0
DA:15,0
DA:16,0
DA:18,0
DA:19,0
DA:20,0
DA:21,0
DA:25,0
LF:12
LH:0
BRDA:9,0,0,0
BRDA:9,0,1,0
BRF:2
BRH:0
end_of_record
TN:
SF:did.js
FN:3,(anonymous_0)
FN:7,(anonymous_1)
FN:11,(anonymous_2)
FNF:3
FNH:0
FNDA:0,(anonymous_0)
FNDA:0,(anonymous_1)
FNDA:0,(anonymous_2)
DA:4,0
DA:8,0
DA:12,0
DA:16,0
LF:4
LH:0
BRDA:7,0,0,0
BRDA:12,1,0,0
BRDA:12,1,1,0
BRF:3
BRH:0
end_of_record
TN:
SF:education.js
FN:3,(anonymous_0)
FN:7,(anonymous_1)
FN:11,(anonymous_2)
FN:12,(anonymous_3)
FNF:4
FNH:0
FNDA:0,(anonymous_0)
FNDA:0,(anonymous_1)
FNDA:0,(anonymous_2)
FNDA:0,(anonymous_3)
DA:4,0
DA:8,0
DA:12,0
DA:16,0
LF:4
LH:0
BRF:0
BRH:0
end_of_record
TN:
SF:encryption.js
FN:3,encrypt
FN:12,decrypt
FNF:2
FNH:1
FNDA:1,encrypt
FNDA:0,decrypt
DA:1,3
DA:4,1
DA:5,1
DA:6,1
DA:7,1
DA:8,1
DA:9,1
DA:13,0
DA:14,0
DA:15,0
DA:16,0
DA:17,0
DA:18,0
DA:19,0
DA:22,3
LF:15
LH:8
BRF:0
BRH:0
end_of_record
TN:
SF:events.js
FNF:0
FNH:0
DA:2,1
DA:4,1
DA:6,1
LF:3
LH:3
BRF:0
BRH:0
end_of_record
TN:
SF:fiat-gateway.js
FN:20,(anonymous_0)
FN:30,(anonymous_1)
FN:60,(anonymous_2)
FN:71,(anonymous_3)
FN:87,(anonymous_4)
FN:107,(anonymous_5)
FN:138,(anonymous_6)
FN:149,(anonymous_7)
FN:165,(anonymous_8)
FN:182,(anonymous_9)
FN:189,(anonymous_10)
FN:199,(anonymous_11)
FN:210,(anonymous_12)
FN:239,(anonymous_13)
FN:270,(anonymous_14)
FN:287,(anonymous_15)
FN:308,(anonymous_16)
FN:315,(anonymous_17)
FN:322,(anonymous_18)
FN:335,(anonymous_19)
FN:348,(anonymous_20)
FN:382,(anonymous_21)
FN:393,(anonymous_22)
FN:395,(anonymous_23)
FN:397,(anonymous_24)
FN:410,(anonymous_25)
FN:417,(anonymous_26)
FN:422,(anonymous_27)
FN:423,(anonymous_28)
FN:425,(anonymous_29)
FN:426,(anonymous_30)
FN:428,(anonymous_31)
FN:429,(anonymous_32)
FN:436,(anonymous_33)
FN:443,(anonymous_34)
FN:471,(anonymous_35)
FN:481,(anonymous_36)
FN:511,(anonymous_37)
FN:526,(anonymous_38)
FN:527,(anonymous_39)
FN:542,(anonymous_40)
FN:561,(anonymous_41)
FN:574,(anonymous_42)
FN:607,(anonymous_43)
FN:616,(anonymous_44)
FN:624,(anonymous_45)
FN:632,(anonymous_46)
FN:640,(anonymous_47)
FN:647,(anonymous_48)
FNF:49
FNH:0
FNDA:0,(anonymous_0)
FNDA:0,(anonymous_1)
FNDA:0,(anonymous_2)
FNDA:0,(anonymous_3)
FNDA:0,(anonymous_4)
FNDA:0,(anonymous_5)
FNDA:0,(anonymous_6)
FNDA:0,(anonymous_7)
FNDA:0,(anonymous_8)
FNDA:0,(anonymous_9)
FNDA:0,(anonymous_10)
FNDA:0,(anonymous_11)
FNDA:0,(anonymous_12)
FNDA:0,(anonymous_13)
FNDA:0,(anonymous_14)
FNDA:0,(anonymous_15)
FNDA:0,(anonymous_16)
FNDA:0,(anonymous_17)
FNDA:0,(anonymous_18)
FNDA:0,(anonymous_19)
FNDA:0,(anonymous_20)
FNDA:0,(anonymous_21)
FNDA:0,(anonymous_22)
FNDA:0,(anonymous_23)
FNDA:0,(anonymous_24)
FNDA:0,(anonymous_25)
FNDA:0,(anonymous_26)
FNDA:0,(anonymous_27)
FNDA:0,(anonymous_28)
FNDA:0,(anonymous_29)
FNDA:0,(anonymous_30)
FNDA:0,(anonymous_31)
FNDA:0,(anonymous_32)
FNDA:0,(anonymous_33)
FNDA:0,(anonymous_34)
FNDA:0,(anonymous_35)
FNDA:0,(anonymous_36)
FNDA:0,(anonymous_37)
FNDA:0,(anonymous_38)
FNDA:0,(anonymous_39)
FNDA:0,(anonymous_40)
FNDA:0,(anonymous_41)
FNDA:0,(anonymous_42)
FNDA:0,(anonymous_43)
FNDA:0,(anonymous_44)
FNDA:0,(anonymous_45)
FNDA:0,(anonymous_46)
FNDA:0,(anonymous_47)
FNDA:0,(anonymous_48)
DA:13,0
DA:21,0
DA:22,0
DA:23,0
DA:24,0
DA:31,0
DA:33,0
DA:47,0
DA:49,0
DA:61,0
DA:63,0
DA:64,0
DA:67,0
DA:68,0
DA:71,0
DA:72,0
DA:73,0
DA:76,0
DA:88,0
DA:90,0
DA:99,0
DA:101,0
DA:108,0
DA:110,0
DA:111,0
DA:114,0
DA:116,0
DA:129,0
DA:130,0
DA:132,0
DA:139,0
DA:140,0
DA:141,0
DA:142,0
DA:143,0
DA:150,0
DA:152,0
DA:162,0
DA:165,0
DA:166,0
DA:167,0
DA:170,0
DA:183,0
DA:190,0
DA:200,0
DA:201,0
DA:202,0
DA:203,0
DA:204,0
DA:211,0
DA:212,0
DA:215,0
DA:216,0
DA:219,0
DA:228,0
DA:230,0
DA:240,0
DA:243,0
DA:244,0
DA:245,0
DA:246,0
DA:248,0
DA:262,0
DA:264,0
DA:272,0
DA:281,0
DA:288,0
DA:290,0
DA:291,0
DA:294,0
DA:296,0
DA:297,0
DA:298,0
DA:299,0
DA:302,0
DA:309,0
DA:316,0
DA:323,0
DA:336,0
DA:337,0
DA:338,0
DA:349,0
DA:352,0
DA:353,0
DA:354,0
DA:357,0
DA:368,0
DA:370,0
DA:383,0
DA:385,0
DA:386,0
DA:389,0
DA:390,0
DA:393,0
DA:394,0
DA:395,0
DA:396,0
DA:397,0
DA:398,0
DA:399,0
DA:404,0
DA:411,0
DA:412,0
DA:413,0
DA:414,0
DA:416,0
DA:417,0
DA:420,0
DA:422,0
DA:423,0
DA:425,0
DA:426,0
DA:428,0
DA:429,0
DA:437,0
DA:444,0
DA:446,0
DA:472,0
DA:473,0
DA:474,0
DA:475,0
DA:482,0
DA:484,0
DA:499,0
DA:501,0
DA:512,0
DA:514,0
DA:515,0
DA:518,0
DA:526,0
DA:527,0
DA:528,0
DA:530,0
DA:531,0
DA:533,0
DA:536,0
DA:543,0
DA:545,0
DA:546,0
DA:547,0
DA:549,0
DA:562,0
DA:568,0
DA:575,0
DA:578,0
DA:579,0
DA:583,0
DA:584,0
DA:585,0
DA:589,0
DA:590,0
DA:594,0
DA:595,0
DA:598,0
DA:599,0
DA:606,0
DA:607,0
DA:618,0
DA:626,0
DA:633,0
DA:634,0
DA:641,0
DA:648,0
DA:652,0
LF:164
LH:0
BRDA:30,0,0,0
BRDA:41,1,0,0
BRDA:41,1,1,0
BRDA:42,2,0,0
BRDA:42,2,1,0
BRDA:63,3,0,0
BRDA:63,3,1,0
BRDA:87,4,0,0
BRDA:110,5,0,0
BRDA:110,5,1,0
BRDA:140,6,0,0
BRDA:140,6,1,0
BRDA:141,7,0,0
BRDA:141,7,1,0
BRDA:142,8,0,0
BRDA:142,8,1,0
BRDA:149,9,0,0
BRDA:210,10,0,0
BRDA:211,11,0,0
BRDA:211,11,1,0
BRDA:215,12,0,0
BRDA:215,12,1,0
BRDA:281,13,0,0
BRDA:281,13,1,0
BRDA:290,14,0,0
BRDA:290,14,1,0
BRDA:296,15,0,0
BRDA:296,15,1,0
BRDA:298,16,0,0
BRDA:298,16,1,0
BRDA:353,17,0,0
BRDA:353,17,1,0
BRDA:385,18,0,0
BRDA:385,18,1,0
BRDA:417,19,0,0
BRDA:417,19,1,0
BRDA:488,20,0,0
BRDA:488,20,1,0
BRDA:514,21,0,0
BRDA:514,21,1,0
BRDA:530,22,0,0
BRDA:530,22,1,0
BRDA:531,23,0,0
BRDA:531,23,1,0
BRDA:545,24,0,0
BRDA:545,24,1,0
BRDA:545,25,0,0
BRDA:545,25,1,0
BRDA:568,26,0,0
BRDA:568,26,1,0
BRDA:578,27,0,0
BRDA:578,27,1,0
BRDA:584,28,0,0
BRDA:584,28,1,0
BRDA:589,29,0,0
BRDA:589,29,1,0
BRDA:589,30,0,0
BRDA:589,30,1,0
BRDA:594,31,0,0
BRDA:594,31,1,0
BRDA:598,32,0,0
BRDA:598,32,1,0
BRDA:618,33,0,0
BRDA:618,33,1,0
BRDA:648,34,0,0
BRDA:648,34,1,0
BRF:66
BRH:0
end_of_record
TN:
SF:fiat-onramp.js
FN:8,(anonymous_0)
FN:24,(anonymous_1)
FN:56,(anonymous_2)
FN:70,(anonymous_3)
FN:118,(anonymous_4)
FN:170,(anonymous_5)
FN:189,(anonymous_6)
FN:220,(anonymous_7)
FN:232,(anonymous_8)
FN:260,(anonymous_9)
FN:271,(anonymous_10)
FN:290,(anonymous_11)
FN:316,(anonymous_12)
FN:331,(anonymous_13)
FN:353,(anonymous_14)
FN:370,(anonymous_15)
FN:387,(anonymous_16)
FN:400,(anonymous_17)
FN:428,(anonymous_18)
FN:448,(anonymous_19)
FN:483,(anonymous_20)
FN:503,(anonymous_21)
FN:505,(anonymous_22)
FN:513,(anonymous_23)
FN:546,(anonymous_24)
FN:568,(anonymous_25)
FN:573,(anonymous_26)
FN:574,(anonymous_27)
FN:575,(anonymous_28)
FN:577,(anonymous_29)
FN:578,(anonymous_30)
FN:579,(anonymous_31)
FN:581,(anonymous_32)
FNF:33
FNH:6
FNDA:13,(anonymous_0)
FNDA:11,(anonymous_1)
FNDA:10,(anonymous_2)
FNDA:7,(anonymous_3)
FNDA:2,(anonymous_4)
FNDA:2,(anonymous_5)
FNDA:0,(anonymous_6)
FNDA:0,(anonymous_7)
FNDA:0,(anonymous_8)
FNDA:0,(anonymous_9)
FNDA:0,(anonymous_10)
FNDA:0,(anonymous_11)
FNDA:0,(anonymous_12)
FNDA:0,(anonymous_13)
FNDA:0,(anonymous_14)
FNDA:0,(anonymous_15)
FNDA:0,(anonymous_16)
FNDA:0,(anonymous_17)
FNDA:0,(anonymous_18)
FNDA:0,(anonymous_19)
FNDA:0,(anonymous_20)
FNDA:0,(anonymous_21)
FNDA:0,(anonymous_22)
FNDA:0,(anonymous_23)
FNDA:0,(anonymous_24)
FNDA:0,(anonymous_25)
FNDA:0,(anonymous_26)
FNDA:0,(anonymous_27)
FNDA:0,(anonymous_28)
FNDA:0,(anonymous_29)
FNDA:0,(anonymous_30)
FNDA:0,(anonymous_31)
FNDA:0,(anonymous_32)
DA:1,2
DA:9,13
DA:10,13
DA:11,13
DA:12,13
DA:13,13
DA:14,13
DA:26,11
DA:27,1
DA:33,10
DA:34,10
DA:35,10
DA:37,10
DA:58,10
DA:64,10
DA:72,7
DA:73,1
DA:80,6
DA:81,1
DA:87,5
DA:88,5
DA:89,0
DA:92,5
DA:93,5
DA:107,5
DA:109,5
DA:119,2
DA:171,2
DA:173,2
DA:174,0
DA:180,2
DA:190,0
DA:192,0
DA:204,0
DA:205,0
DA:207,0
DA:209,0
DA:210,0
DA:221,0
DA:226,0
DA:233,0
DA:235,0
DA:237,0
DA:251,0
DA:253,0
DA:254,0
DA:261,0
DA:262,0
DA:264,0
DA:267,0
DA:268,0
DA:271,0
DA:272,0
DA:273,0
DA:279,0
DA:284,0
DA:291,0
DA:293,0
DA:303,0
DA:305,0
DA:306,0
DA:317,0
DA:325,0
DA:333,0
DA:343,0
DA:344,0
DA:346,0
DA:347,0
DA:354,0
DA:360,0
DA:361,0
DA:364,0
DA:371,0
DA:377,0
DA:378,0
DA:381,0
DA:388,0
DA:394,0
DA:401,0
DA:422,0
DA:429,0
DA:435,0
DA:436,0
DA:438,0
DA:449,0
DA:451,0
DA:453,0
DA:455,0
DA:474,0
DA:475,0
DA:477,0
DA:484,0
DA:494,0
DA:495,0
DA:497,0
DA:504,0
DA:506,0
DA:514,0
DA:533,0
DA:534,0
DA:536,0
DA:547,0
DA:549,0
DA:550,0
DA:551,0
DA:552,0
DA:554,0
DA:555,0
DA:562,0
DA:569,0
DA:571,0
DA:573,0
DA:574,0
DA:575,0
DA:577,0
DA:578,0
DA:579,0
DA:581,0
DA:586,2
LF:119
LH:30
BRDA:8,0,0,1
BRDA:9,1,0,13
BRDA:9,1,1,1
BRDA:10,2,0,13
BRDA:10,2,1,13
BRDA:11,3,0,13
BRDA:11,3,1,1
BRDA:12,4,0,13
BRDA:12,4,1,13
BRDA:26,5,0,1
BRDA:26,5,1,10
BRDA:64,6,0,10
BRDA:64,6,1,0
BRDA:72,7,0,1
BRDA:72,7,1,6
BRDA:72,8,0,7
BRDA:72,8,1,7
BRDA:72,8,2,6
BRDA:80,9,0,1
BRDA:80,9,1,5
BRDA:88,10,0,0
BRDA:88,10,1,5
BRDA:173,11,0,0
BRDA:173,11,1,2
BRDA:190,12,0,0
BRDA:190,13,0,0
BRDA:197,14,0,0
BRDA:197,14,1,0
BRDA:222,15,0,0
BRDA:222,15,1,0
BRDA:233,16,0,0
BRDA:233,17,0,0
BRDA:262,18,0,0
BRDA:262,18,1,0
BRDA:291,19,0,0
BRDA:291,20,0,0
BRDA:294,21,0,0
BRDA:294,21,1,0
BRDA:297,22,0,0
BRDA:297,22,1,0
BRDA:325,23,0,0
BRDA:325,23,1,0
BRDA:343,24,0,0
BRDA:343,24,1,0
BRDA:353,25,0,0
BRDA:360,26,0,0
BRDA:360,26,1,0
BRDA:364,27,0,0
BRDA:364,27,1,0
BRDA:370,28,0,0
BRDA:377,29,0,0
BRDA:377,29,1,0
BRDA:381,30,0,0
BRDA:381,30,1,0
BRDA:394,31,0,0
BRDA:394,31,1,0
BRDA:422,32,0,0
BRDA:422,32,1,0
BRDA:435,33,0,0
BRDA:435,33,1,0
BRDA:441,34,0,0
BRDA:441,34,1,0
BRDA:441,35,0,0
BRDA:441,35,1,0
BRDA:494,36,0,0
BRDA:494,36,1,0
BRDA:506,37,0,0
BRDA:506,37,1,0
BRDA:533,38,0,0
BRDA:533,38,1,0
BRDA:534,39,0,0
BRDA:534,39,1,0
BRDA:550,40,0,0
BRDA:550,40,1,0
BRDA:554,41,0,0
BRDA:554,41,1,0
BRDA:557,42,0,0
BRDA:557,42,1,0
BRDA:573,43,0,0
BRDA:573,43,1,0
BRF:80
BRH:21
end_of_record
TN:
SF:game.js
FN:3,(anonymous_0)
FN:8,(anonymous_1)
FN:13,(anonymous_2)
FN:15,(anonymous_3)
FNF:4
FNH:0
FNDA:0,(anonymous_0)
FNDA:0,(anonymous_1)
FNDA:0,(anonymous_2)
FNDA:0,(anonymous_3)
DA:4,0
DA:5,0
DA:9,0
DA:10,0
DA:14,0
DA:15,0
DA:19,0
LF:7
LH:0
BRDA:9,0,0,0
BRDA:9,0,1,0
BRF:2
BRH:0
end_of_record
TN:
SF:gaming-sdk.js
FN:13,(anonymous_0)
FN:21,(anonymous_1)
FN:45,(anonymous_2)
FN:49,(anonymous_3)
FN:75,(anonymous_4)
FN:78,(anonymous_5)
FN:87,(anonymous_6)
FN:89,(anonymous_7)
FN:107,(anonymous_8)
FN:116,(anonymous_9)
FN:142,(anonymous_10)
FN:172,(anonymous_11)
FN:188,(anonymous_12)
FN:219,(anonymous_13)
FN:226,(anonymous_14)
FN:238,(anonymous_15)
FN:249,(anonymous_16)
FN:258,(anonymous_17)
FN:260,(anonymous_18)
FN:262,(anonymous_19)
FN:268,(anonymous_20)
FN:276,(anonymous_21)
FN:283,(anonymous_22)
FN:300,(anonymous_23)
FN:307,(anonymous_24)
FN:324,(anonymous_25)
FN:325,(anonymous_26)
FN:333,(anonymous_27)
FN:346,(anonymous_28)
FN:353,(anonymous_29)
FN:361,(anonymous_30)
FN:369,(anonymous_31)
FN:392,(anonymous_32)
FN:401,(anonymous_33)
FN:420,(anonymous_34)
FN:427,(anonymous_35)
FN:448,(anonymous_36)
FN:457,(anonymous_37)
FN:476,(anonymous_38)
FN:489,(anonymous_39)
FN:510,(anonymous_40)
FN:523,(anonymous_41)
FNF:42
FNH:0
FNDA:0,(anonymous_0)
FNDA:0,(anonymous_1)
FNDA:0,(anonymous_2)
FNDA:0,(anonymous_3)
FNDA:0,(anonymous_4)
FNDA:0,(anonymous_5)
FNDA:0,(anonymous_6)
FNDA:0,(anonymous_7)
FNDA:0,(anonymous_8)
FNDA:0,(anonymous_9)
FNDA:0,(anonymous_10)
FNDA:0,(anonymous_11)
FNDA:0,(anonymous_12)
FNDA:0,(anonymous_13)
FNDA:0,(anonymous_14)
FNDA:0,(anonymous_15)
FNDA:0,(anonymous_16)
FNDA:0,(anonymous_17)
FNDA:0,(anonymous_18)
FNDA:0,(anonymous_19)
FNDA:0,(anonymous_20)
FNDA:0,(anonymous_21)
FNDA:0,(anonymous_22)
FNDA:0,(anonymous_23)
FNDA:0,(anonymous_24)
FNDA:0,(anonymous_25)
FNDA:0,(anonymous_26)
FNDA:0,(anonymous_27)
FNDA:0,(anonymous_28)
FNDA:0,(anonymous_29)
FNDA:0,(anonymous_30)
FNDA:0,(anonymous_31)
FNDA:0,(anonymous_32)
FNDA:0,(anonymous_33)
FNDA:0,(anonymous_34)
FNDA:0,(anonymous_35)
FNDA:0,(anonymous_36)
FNDA:0,(anonymous_37)
FNDA:0,(anonymous_38)
FNDA:0,(anonymous_39)
FNDA:0,(anonymous_40)
FNDA:0,(anonymous_41)
DA:6,0
DA:14,0
DA:15,0
DA:22,0
DA:24,0
DA:37,0
DA:39,0
DA:47,0
DA:48,0
DA:49,0
DA:50,0
DA:51,0
DA:52,0
DA:57,0
DA:58,0
DA:62,0
DA:64,0
DA:76,0
DA:78,0
DA:88,0
DA:89,0
DA:91,0
DA:92,0
DA:95,0
DA:96,0
DA:97,0
DA:99,0
DA:108,0
DA:109,0
DA:110,0
DA:117,0
DA:119,0
DA:134,0
DA:136,0
DA:143,0
DA:145,0
DA:146,0
DA:149,0
DA:150,0
DA:153,0
DA:154,0
DA:157,0
DA:164,0
DA:166,0
DA:173,0
DA:175,0
DA:176,0
DA:179,0
DA:180,0
DA:182,0
DA:189,0
DA:190,0
DA:193,0
DA:195,0
DA:196,0
DA:198,0
DA:199,0
DA:201,0
DA:213,0
DA:220,0
DA:222,0
DA:223,0
DA:226,0
DA:228,0
DA:229,0
DA:232,0
DA:233,0
DA:234,0
DA:237,0
DA:238,0
DA:239,0
DA:240,0
DA:243,0
DA:250,0
DA:252,0
DA:253,0
DA:257,0
DA:258,0
DA:260,0
DA:263,0
DA:268,0
DA:277,0
DA:284,0
DA:292,0
DA:294,0
DA:301,0
DA:303,0
DA:304,0
DA:307,0
DA:309,0
DA:310,0
DA:316,0
DA:319,0
DA:320,0
DA:321,0
DA:324,0
DA:325,0
DA:327,0
DA:334,0
DA:336,0
DA:337,0
DA:340,0
DA:347,0
DA:349,0
DA:350,0
DA:353,0
DA:362,0
DA:363,0
DA:370,0
DA:372,0
DA:384,0
DA:386,0
DA:393,0
DA:395,0
DA:396,0
DA:399,0
DA:401,0
DA:402,0
DA:405,0
DA:411,0
DA:412,0
DA:414,0
DA:421,0
DA:428,0
DA:430,0
DA:431,0
DA:435,0
DA:449,0
DA:450,0
DA:451,0
DA:458,0
DA:460,0
DA:468,0
DA:470,0
DA:478,0
DA:490,0
DA:512,0
DA:524,0
DA:534,0
LF:139
LH:0
BRDA:29,0,0,0
BRDA:29,0,1,0
BRDA:30,1,0,0
BRDA:30,1,1,0
BRDA:33,2,0,0
BRDA:33,2,1,0
BRDA:47,3,0,0
BRDA:47,3,1,0
BRDA:48,4,0,0
BRDA:48,4,1,0
BRDA:50,5,0,0
BRDA:50,5,1,0
BRDA:57,6,0,0
BRDA:57,6,1,0
BRDA:76,7,0,0
BRDA:76,7,1,0
BRDA:88,8,0,0
BRDA:88,8,1,0
BRDA:91,9,0,0
BRDA:91,9,1,0
BRDA:123,10,0,0
BRDA:123,10,1,0
BRDA:124,11,0,0
BRDA:124,11,1,0
BRDA:125,12,0,0
BRDA:125,12,1,0
BRDA:126,13,0,0
BRDA:126,13,1,0
BRDA:142,14,0,0
BRDA:145,15,0,0
BRDA:145,15,1,0
BRDA:149,16,0,0
BRDA:149,16,1,0
BRDA:153,17,0,0
BRDA:153,17,1,0
BRDA:175,18,0,0
BRDA:175,18,1,0
BRDA:205,19,0,0
BRDA:205,19,1,0
BRDA:206,20,0,0
BRDA:206,20,1,0
BRDA:222,21,0,0
BRDA:222,21,1,0
BRDA:228,22,0,0
BRDA:228,22,1,0
BRDA:238,23,0,0
BRDA:238,23,1,0
BRDA:252,24,0,0
BRDA:252,24,1,0
BRDA:263,25,0,0
BRDA:263,25,1,0
BRDA:263,25,2,0
BRDA:263,25,3,0
BRDA:283,26,0,0
BRDA:286,27,0,0
BRDA:286,27,1,0
BRDA:287,28,0,0
BRDA:287,28,1,0
BRDA:300,29,0,0
BRDA:303,30,0,0
BRDA:303,30,1,0
BRDA:309,31,0,0
BRDA:309,31,1,0
BRDA:333,32,0,0
BRDA:336,33,0,0
BRDA:336,33,1,0
BRDA:349,34,0,0
BRDA:349,34,1,0
BRDA:377,35,0,0
BRDA:377,35,1,0
BRDA:378,36,0,0
BRDA:378,36,1,0
BRDA:379,37,0,0
BRDA:379,37,1,0
BRDA:380,38,0,0
BRDA:380,38,1,0
BRDA:381,39,0,0
BRDA:381,39,1,0
BRDA:395,40,0,0
BRDA:395,40,1,0
BRDA:399,41,0,0
BRDA:399,41,1,0
BRDA:401,42,0,0
BRDA:401,42,1,0
BRDA:421,43,0,0
BRDA:421,43,1,0
BRDA:430,44,0,0
BRDA:430,44,1,0
BRF:88
BRH:0
end_of_record
TN:
SF:governance.js
FN:3,(anonymous_0)
FN:8,(anonymous_1)
FN:14,(anonymous_2)
FN:20,(anonymous_3)
FN:32,(anonymous_4)
FNF:5
FNH:0
FNDA:0,(anonymous_0)
FNDA:0,(anonymous_1)
FNDA:0,(anonymous_2)
FNDA:0,(anonymous_3)
FNDA:0,(anonymous_4)
DA:4,0
DA:5,0
DA:9,0
DA:10,0
DA:11,0
DA:15,0
DA:16,0
DA:17,0
DA:21,0
DA:22,0
DA:23,0
DA:24,0
DA:25,0
DA:26,0
DA:27,0
DA:29,0
DA:33,0
DA:34,0
DA:38,0
LF:19
LH:0
BRDA:16,0,0,0
BRDA:16,0,1,0
BRDA:16,1,0,0
BRDA:16,1,1,0
BRDA:22,2,0,0
BRDA:22,2,1,0
BRDA:26,3,0,0
BRDA:26,3,1,0
BRF:8
BRH:0
end_of_record
TN:
SF:graphql-schema.js
FN:43,(anonymous_0)
FN:104,(anonymous_1)
FN:111,(anonymous_2)
FN:123,(anonymous_3)
FN:132,(anonymous_4)
FN:134,(anonymous_5)
FN:144,(anonymous_6)
FN:148,(anonymous_7)
FN:149,(anonymous_8)
FN:168,(anonymous_9)
FN:174,(anonymous_10)
FN:187,(anonymous_11)
FN:202,(anonymous_12)
FN:214,(anonymous_13)
FN:233,(anonymous_14)
FN:247,(anonymous_15)
FN:260,(anonymous_16)
FN:274,(anonymous_17)
FN:283,(anonymous_18)
FN:286,(anonymous_19)
FN:313,(anonymous_20)
FN:327,(anonymous_21)
FN:350,(anonymous_22)
FN:371,(anonymous_23)
FN:377,(anonymous_24)
FN:401,(anonymous_25)
FN:413,(anonymous_26)
FN:417,(anonymous_27)
FN:421,(anonymous_28)
FN:428,(anonymous_29)
FN:433,(anonymous_30)
FN:444,(anonymous_31)
FN:451,(anonymous_32)
FNF:33
FNH:0
FNDA:0,(anonymous_0)
FNDA:0,(anonymous_1)
FNDA:0,(anonymous_2)
FNDA:0,(anonymous_3)
FNDA:0,(anonymous_4)
FNDA:0,(anonymous_5)
FNDA:0,(anonymous_6)
FNDA:0,(anonymous_7)
FNDA:0,(anonymous_8)
FNDA:0,(anonymous_9)
FNDA:0,(anonymous_10)
FNDA:0,(anonymous_11)
FNDA:0,(anonymous_12)
FNDA:0,(anonymous_13)
FNDA:0,(anonymous_14)
FNDA:0,(anonymous_15)
FNDA:0,(anonymous_16)
FNDA:0,(anonymous_17)
FNDA:0,(anonymous_18)
FNDA:0,(anonymous_19)
FNDA:0,(anonymous_20)
FNDA:0,(anonymous_21)
FNDA:0,(anonymous_22)
FNDA:0,(anonymous_23)
FNDA:0,(anonymous_24)
FNDA:0,(anonymous_25)
FNDA:0,(anonymous_26)
FNDA:0,(anonymous_27)
FNDA:0,(anonymous_28)
FNDA:0,(anonymous_29)
FNDA:0,(anonymous_30)
FNDA:0,(anonymous_31)
FNDA:0,(anonymous_32)
DA:9,0
DA:10,0
DA:13,0
DA:16,0
DA:30,0
DA:43,0
DA:48,0
DA:59,0
DA:72,0
DA:83,0
DA:98,0
DA:105,0
DA:112,0
DA:113,0
DA:124,0
DA:125,0
DA:133,0
DA:134,0
DA:135,0
DA:137,0
DA:145,0
DA:146,0
DA:148,0
DA:149,0
DA:150,0
DA:151,0
DA:156,0
DA:169,0
DA:174,0
DA:189,0
DA:204,0
DA:215,0
DA:222,0
DA:234,0
DA:235,0
DA:236,0
DA:237,0
DA:238,0
DA:248,0
DA:249,0
DA:261,0
DA:268,0
DA:274,0
DA:284,0
DA:288,0
DA:289,0
DA:290,0
DA:292,0
DA:294,0
DA:314,0
DA:315,0
DA:317,0
DA:328,0
DA:329,0
DA:331,0
DA:351,0
DA:372,0
DA:373,0
DA:375,0
DA:378,0
DA:379,0
DA:380,0
DA:382,0
DA:384,0
DA:401,0
DA:406,0
DA:413,0
DA:414,0
DA:417,0
DA:418,0
DA:421,0
DA:422,0
DA:423,0
DA:424,0
DA:428,0
DA:429,0
DA:430,0
DA:433,0
DA:434,0
DA:441,0
DA:444,0
DA:445,0
DA:446,0
DA:447,0
DA:451,0
DA:452,0
DA:455,0
LF:87
LH:0
BRDA:43,0,0,0
BRDA:43,0,1,0
BRDA:135,1,0,0
BRDA:135,1,1,0
BRDA:150,2,0,0
BRDA:150,2,1,0
BRDA:150,3,0,0
BRDA:150,3,1,0
BRDA:174,4,0,0
BRDA:174,4,1,0
BRDA:288,5,0,0
BRDA:288,5,1,0
BRDA:289,6,0,0
BRDA:289,6,1,0
BRDA:289,7,0,0
BRDA:289,7,1,0
BRDA:314,8,0,0
BRDA:314,8,1,0
BRDA:328,9,0,0
BRDA:328,9,1,0
BRDA:372,10,0,0
BRDA:372,10,1,0
BRDA:378,11,0,0
BRDA:378,11,1,0
BRDA:379,12,0,0
BRDA:379,12,1,0
BRDA:379,13,0,0
BRDA:379,13,1,0
BRDA:423,14,0,0
BRDA:423,14,1,0
BRDA:446,15,0,0
BRDA:446,15,1,0
BRF:32
BRH:0
end_of_record
TN:
SF:health-check.js
FN:38,checkEndpoint
FN:39,(anonymous_1)
FN:40,(anonymous_2)
FN:49,(anonymous_3)
FN:57,(anonymous_4)
FN:68,checkDependencies
FN:88,runHealthCheck
FN:95,(anonymous_7)
FN:108,(anonymous_8)
FN:142,(anonymous_9)
FNF:10
FNH:0
FNDA:0,checkEndpoint
FNDA:0,(anonymous_1)
FNDA:0,(anonymous_2)
FNDA:0,(anonymous_3)
FNDA:0,(anonymous_4)
FNDA:0,checkDependencies
FNDA:0,runHealthCheck
FNDA:0,(anonymous_7)
FNDA:0,(anonymous_8)
FNDA:0,(anonymous_9)
DA:8,0
DA:9,0
DA:10,0
DA:12,0
DA:13,0
DA:15,0
DA:39,0
DA:40,0
DA:41,0
DA:42,0
DA:49,0
DA:50,0
DA:57,0
DA:58,0
DA:59,0
DA:69,0
DA:71,0
DA:72,0
DA:73,0
DA:75,0
DA:78,0
DA:79,0
DA:80,0
DA:82,0
DA:85,0
DA:89,0
DA:90,0
DA:93,0
DA:94,0
DA:95,0
DA:96,0
DA:97,0
DA:100,0
DA:103,0
DA:105,0
DA:106,0
DA:108,0
DA:109,0
DA:110,0
DA:111,0
DA:113,0
DA:114,0
DA:115,0
DA:116,0
DA:118,0
DA:119,0
DA:120,0
DA:121,0
DA:126,0
DA:128,0
DA:129,0
DA:130,0
DA:131,0
DA:132,0
DA:133,0
DA:134,0
DA:136,0
DA:137,0
DA:142,0
DA:143,0
DA:144,0
LF:61
LH:0
BRDA:12,0,0,0
BRDA:12,0,1,0
BRDA:41,1,0,0
BRDA:41,1,1,0
BRDA:44,2,0,0
BRDA:44,2,1,0
BRDA:96,3,0,0
BRDA:96,3,1,0
BRDA:109,4,0,0
BRDA:109,4,1,0
BRDA:110,5,0,0
BRDA:110,5,1,0
BRDA:113,6,0,0
BRDA:113,6,1,0
BRDA:115,7,0,0
BRDA:115,7,1,0
BRDA:118,8,0,0
BRDA:118,8,1,0
BRDA:120,9,0,0
BRDA:120,9,1,0
BRDA:128,10,0,0
BRDA:128,10,1,0
BRDA:131,11,0,0
BRDA:131,11,1,0
BRF:24
BRH:0
end_of_record
TN:
SF:institutional.js
FN:13,(anonymous_0)
FN:22,(anonymous_1)
FN:44,(anonymous_2)
FN:67,(anonymous_3)
FN:107,(anonymous_4)
FN:146,(anonymous_5)
FN:168,(anonymous_6)
FN:184,(anonymous_7)
FN:193,(anonymous_8)
FN:218,(anonymous_9)
FN:250,(anonymous_10)
FN:292,(anonymous_11)
FN:309,(anonymous_12)
FN:317,(anonymous_13)
FN:324,(anonymous_14)
FN:325,(anonymous_15)
FN:334,(anonymous_16)
FN:343,(anonymous_17)
FN:364,(anonymous_18)
FN:381,(anonymous_19)
FN:388,(anonymous_20)
FN:408,(anonymous_21)
FN:427,(anonymous_22)
FN:454,(anonymous_23)
FN:461,(anonymous_24)
FN:496,(anonymous_25)
FN:515,(anonymous_26)
FN:525,(anonymous_27)
FN:533,(anonymous_28)
FN:553,(anonymous_29)
FN:557,(anonymous_30)
FN:577,(anonymous_31)
FN:581,(anonymous_32)
FN:585,(anonymous_33)
FN:589,(anonymous_34)
FNF:35
FNH:0
FNDA:0,(anonymous_0)
FNDA:0,(anonymous_1)
FNDA:0,(anonymous_2)
FNDA:0,(anonymous_3)
FNDA:0,(anonymous_4)
FNDA:0,(anonymous_5)
FNDA:0,(anonymous_6)
FNDA:0,(anonymous_7)
FNDA:0,(anonymous_8)
FNDA:0,(anonymous_9)
FNDA:0,(anonymous_10)
FNDA:0,(anonymous_11)
FNDA:0,(anonymous_12)
FNDA:0,(anonymous_13)
FNDA:0,(anonymous_14)
FNDA:0,(anonymous_15)
FNDA:0,(anonymous_16)
FNDA:0,(anonymous_17)
FNDA:0,(anonymous_18)
FNDA:0,(anonymous_19)
FNDA:0,(anonymous_20)
FNDA:0,(anonymous_21)
FNDA:0,(anonymous_22)
FNDA:0,(anonymous_23)
FNDA:0,(anonymous_24)
FNDA:0,(anonymous_25)
FNDA:0,(anonymous_26)
FNDA:0,(anonymous_27)
FNDA:0,(anonymous_28)
FNDA:0,(anonymous_29)
FNDA:0,(anonymous_30)
FNDA:0,(anonymous_31)
FNDA:0,(anonymous_32)
FNDA:0,(anonymous_33)
FNDA:0,(anonymous_34)
DA:6,0
DA:14,0
DA:15,0
DA:16,0
DA:23,0
DA:25,0
DA:36,0
DA:38,0
DA:45,0
DA:47,0
DA:48,0
DA:51,0
DA:52,0
DA:54,0
DA:68,0
DA:70,0
DA:71,0
DA:74,0
DA:75,0
DA:78,0
DA:79,0
DA:80,0
DA:83,0
DA:85,0
DA:99,0
DA:101,0
DA:108,0
DA:110,0
DA:111,0
DA:114,0
DA:115,0
DA:118,0
DA:120,0
DA:121,0
DA:124,0
DA:125,0
DA:128,0
DA:131,0
DA:132,0
DA:135,0
DA:147,0
DA:148,0
DA:150,0
DA:151,0
DA:153,0
DA:154,0
DA:156,0
DA:169,0
DA:171,0
DA:172,0
DA:175,0
DA:185,0
DA:186,0
DA:187,0
DA:194,0
DA:196,0
DA:210,0
DA:212,0
DA:219,0
DA:221,0
DA:222,0
DA:225,0
DA:226,0
DA:229,0
DA:230,0
DA:231,0
DA:234,0
DA:242,0
DA:244,0
DA:251,0
DA:253,0
DA:254,0
DA:257,0
DA:259,0
DA:260,0
DA:263,0
DA:264,0
DA:267,0
DA:269,0
DA:283,0
DA:284,0
DA:286,0
DA:293,0
DA:295,0
DA:296,0
DA:299,0
DA:300,0
DA:301,0
DA:303,0
DA:310,0
DA:312,0
DA:313,0
DA:317,0
DA:319,0
DA:320,0
DA:323,0
DA:324,0
DA:325,0
DA:335,0
DA:336,0
DA:337,0
DA:344,0
DA:346,0
DA:356,0
DA:358,0
DA:365,0
DA:367,0
DA:368,0
DA:371,0
DA:372,0
DA:375,0
DA:382,0
DA:384,0
DA:385,0
DA:388,0
DA:389,0
DA:391,0
DA:392,0
DA:395,0
DA:409,0
DA:410,0
DA:412,0
DA:413,0
DA:414,0
DA:416,0
DA:417,0
DA:421,0
DA:428,0
DA:429,0
DA:430,0
DA:432,0
DA:433,0
DA:434,0
DA:435,0
DA:436,0
DA:438,0
DA:440,0
DA:450,0
DA:454,0
DA:462,0
DA:463,0
DA:465,0
DA:475,0
DA:476,0
DA:477,0
DA:479,0
DA:481,0
DA:488,0
DA:490,0
DA:497,0
DA:499,0
DA:500,0
DA:504,0
DA:515,0
DA:526,0
DA:527,0
DA:534,0
DA:545,0
DA:547,0
DA:554,0
DA:556,0
DA:557,0
DA:560,0
DA:569,0
DA:571,0
DA:578,0
DA:580,0
DA:581,0
DA:584,0
DA:585,0
DA:588,0
DA:589,0
DA:592,0
DA:596,0
LF:174
LH:0
BRDA:28,0,0,0
BRDA:28,0,1,0
BRDA:29,1,0,0
BRDA:29,1,1,0
BRDA:30,2,0,0
BRDA:30,2,1,0
BRDA:47,3,0,0
BRDA:47,3,1,0
BRDA:51,4,0,0
BRDA:51,4,1,0
BRDA:70,5,0,0
BRDA:70,5,1,0
BRDA:74,6,0,0
BRDA:74,6,1,0
BRDA:78,7,0,0
BRDA:78,7,1,0
BRDA:79,8,0,0
BRDA:79,8,1,0
BRDA:110,9,0,0
BRDA:110,9,1,0
BRDA:114,10,0,0
BRDA:114,10,1,0
BRDA:120,11,0,0
BRDA:120,11,1,0
BRDA:124,12,0,0
BRDA:124,12,1,0
BRDA:131,13,0,0
BRDA:131,13,1,0
BRDA:171,14,0,0
BRDA:171,14,1,0
BRDA:202,15,0,0
BRDA:202,15,1,0
BRDA:203,16,0,0
BRDA:203,16,1,0
BRDA:204,17,0,0
BRDA:204,17,1,0
BRDA:221,18,0,0
BRDA:221,18,1,0
BRDA:225,19,0,0
BRDA:225,19,1,0
BRDA:229,20,0,0
BRDA:229,20,1,0
BRDA:238,21,0,0
BRDA:238,21,1,0
BRDA:253,22,0,0
BRDA:253,22,1,0
BRDA:259,23,0,0
BRDA:259,23,1,0
BRDA:263,24,0,0
BRDA:263,24,1,0
BRDA:272,25,0,0
BRDA:272,25,1,0
BRDA:273,26,0,0
BRDA:273,26,1,0
BRDA:295,27,0,0
BRDA:295,27,1,0
BRDA:312,28,0,0
BRDA:312,28,1,0
BRDA:312,29,0,0
BRDA:312,29,1,0
BRDA:319,30,0,0
BRDA:319,30,1,0
BRDA:323,31,0,0
BRDA:323,31,1,0
BRDA:324,32,0,0
BRDA:324,32,1,0
BRDA:325,33,0,0
BRDA:325,33,1,0
BRDA:351,34,0,0
BRDA:351,34,1,0
BRDA:352,35,0,0
BRDA:352,35,1,0
BRDA:367,36,0,0
BRDA:367,36,1,0
BRDA:384,37,0,0
BRDA:384,37,1,0
BRDA:392,38,0,0
BRDA:392,38,1,0
BRDA:413,39,0,0
BRDA:413,39,1,0
BRDA:416,40,0,0
BRDA:416,40,1,0
BRDA:433,41,0,0
BRDA:433,41,1,0
BRDA:435,42,0,0
BRDA:435,42,1,0
BRDA:438,43,0,0
BRDA:438,43,1,0
BRDA:442,44,0,0
BRDA:442,44,1,0
BRDA:476,45,0,0
BRDA:476,45,1,0
BRDA:477,46,0,0
BRDA:477,46,1,0
BRDA:496,47,0,0
BRDA:499,48,0,0
BRDA:499,48,1,0
BRDA:553,49,0,0
BRDA:557,50,0,0
BRDA:557,50,1,0
BRDA:577,51,0,0
BRDA:580,52,0,0
BRDA:580,52,1,0
BRDA:584,53,0,0
BRDA:584,53,1,0
BRDA:588,54,0,0
BRDA:588,54,1,0
BRF:107
BRH:0
end_of_record
TN:
SF:interoperability.js
FN:19,(anonymous_0)
FN:29,(anonymous_1)
FN:50,(anonymous_2)
FN:62,(anonymous_3)
FN:87,(anonymous_4)
FN:102,(anonymous_5)
FN:116,(anonymous_6)
FN:137,(anonymous_7)
FN:145,(anonymous_8)
FN:156,(anonymous_9)
FN:173,(anonymous_10)
FN:191,(anonymous_11)
FN:231,(anonymous_12)
FN:244,(anonymous_13)
FN:272,(anonymous_14)
FN:298,(anonymous_15)
FN:316,(anonymous_16)
FN:324,(anonymous_17)
FN:333,(anonymous_18)
FN:340,(anonymous_19)
FN:342,(anonymous_20)
FN:343,(anonymous_21)
FN:344,(anonymous_22)
FN:361,(anonymous_23)
FN:369,(anonymous_24)
FN:411,(anonymous_25)
FN:432,(anonymous_26)
FN:453,(anonymous_27)
FN:485,(anonymous_28)
FN:513,(anonymous_29)
FN:538,(anonymous_30)
FN:569,(anonymous_31)
FN:577,(anonymous_32)
FN:595,(anonymous_33)
FN:625,(anonymous_34)
FN:636,(anonymous_35)
FN:653,(anonymous_36)
FN:660,(anonymous_37)
FN:668,(anonymous_38)
FN:681,(anonymous_39)
FN:719,(anonymous_40)
FN:740,(anonymous_41)
FN:758,(anonymous_42)
FNF:43
FNH:0
FNDA:0,(anonymous_0)
FNDA:0,(anonymous_1)
FNDA:0,(anonymous_2)
FNDA:0,(anonymous_3)
FNDA:0,(anonymous_4)
FNDA:0,(anonymous_5)
FNDA:0,(anonymous_6)
FNDA:0,(anonymous_7)
FNDA:0,(anonymous_8)
FNDA:0,(anonymous_9)
FNDA:0,(anonymous_10)
FNDA:0,(anonymous_11)
FNDA:0,(anonymous_12)
FNDA:0,(anonymous_13)
FNDA:0,(anonymous_14)
FNDA:0,(anonymous_15)
FNDA:0,(anonymous_16)
FNDA:0,(anonymous_17)
FNDA:0,(anonymous_18)
FNDA:0,(anonymous_19)
FNDA:0,(anonymous_20)
FNDA:0,(anonymous_21)
FNDA:0,(anonymous_22)
FNDA:0,(anonymous_23)
FNDA:0,(anonymous_24)
FNDA:0,(anonymous_25)
FNDA:0,(anonymous_26)
FNDA:0,(anonymous_27)
FNDA:0,(anonymous_28)
FNDA:0,(anonymous_29)
FNDA:0,(anonymous_30)
FNDA:0,(anonymous_31)
FNDA:0,(anonymous_32)
FNDA:0,(anonymous_33)
FNDA:0,(anonymous_34)
FNDA:0,(anonymous_35)
FNDA:0,(anonymous_36)
FNDA:0,(anonymous_37)
FNDA:0,(anonymous_38)
FNDA:0,(anonymous_39)
FNDA:0,(anonymous_40)
FNDA:0,(anonymous_41)
FNDA:0,(anonymous_42)
DA:12,0
DA:20,0
DA:21,0
DA:22,0
DA:23,0
DA:30,0
DA:31,0
DA:33,0
DA:47,0
DA:50,0
DA:52,0
DA:63,0
DA:65,0
DA:66,0
DA:70,0
DA:72,0
DA:73,0
DA:74,0
DA:77,0
DA:78,0
DA:79,0
DA:81,0
DA:88,0
DA:91,0
DA:92,0
DA:93,0
DA:96,0
DA:103,0
DA:110,0
DA:117,0
DA:119,0
DA:120,0
DA:123,0
DA:138,0
DA:139,0
DA:146,0
DA:147,0
DA:157,0
DA:158,0
DA:159,0
DA:160,0
DA:174,0
DA:183,0
DA:185,0
DA:193,0
DA:194,0
DA:197,0
DA:198,0
DA:202,0
DA:203,0
DA:204,0
DA:208,0
DA:209,0
DA:211,0
DA:213,0
DA:228,0
DA:231,0
DA:233,0
DA:245,0
DA:247,0
DA:250,0
DA:251,0
DA:252,0
DA:255,0
DA:256,0
DA:258,0
DA:259,0
DA:262,0
DA:263,0
DA:264,0
DA:266,0
DA:273,0
DA:275,0
DA:276,0
DA:279,0
DA:299,0
DA:300,0
DA:303,0
DA:304,0
DA:306,0
DA:317,0
DA:318,0
DA:324,0
DA:334,0
DA:341,0
DA:342,0
DA:343,0
DA:344,0
DA:346,0
DA:362,0
DA:363,0
DA:370,0
DA:371,0
DA:372,0
DA:374,0
DA:397,0
DA:399,0
DA:412,0
DA:414,0
DA:415,0
DA:418,0
DA:419,0
DA:422,0
DA:423,0
DA:424,0
DA:426,0
DA:433,0
DA:435,0
DA:436,0
DA:439,0
DA:440,0
DA:443,0
DA:444,0
DA:445,0
DA:447,0
DA:454,0
DA:456,0
DA:457,0
DA:460,0
DA:461,0
DA:465,0
DA:466,0
DA:467,0
DA:470,0
DA:471,0
DA:472,0
DA:473,0
DA:475,0
DA:486,0
DA:488,0
DA:489,0
DA:492,0
DA:493,0
DA:497,0
DA:498,0
DA:499,0
DA:502,0
DA:503,0
DA:504,0
DA:505,0
DA:507,0
DA:514,0
DA:516,0
DA:517,0
DA:520,0
DA:521,0
DA:524,0
DA:525,0
DA:528,0
DA:529,0
DA:530,0
DA:532,0
DA:539,0
DA:541,0
DA:542,0
DA:545,0
DA:570,0
DA:571,0
DA:578,0
DA:580,0
DA:589,0
DA:596,0
DA:599,0
DA:600,0
DA:602,0
DA:604,0
DA:605,0
DA:621,0
DA:622,0
DA:625,0
DA:627,0
DA:638,0
DA:639,0
DA:640,0
DA:642,0
DA:654,0
DA:659,0
DA:660,0
DA:662,0
DA:663,0
DA:664,0
DA:667,0
DA:668,0
DA:671,0
DA:673,0
DA:676,0
DA:677,0
DA:680,0
DA:681,0
DA:684,0
DA:686,0
DA:693,0
DA:713,0
DA:720,0
DA:722,0
DA:731,0
DA:734,0
DA:735,0
DA:736,0
DA:737,0
DA:740,0
DA:741,0
DA:742,0
DA:743,0
DA:747,0
DA:759,0
DA:763,0
LF:207
LH:0
BRDA:29,0,0,0
BRDA:38,1,0,0
BRDA:38,1,1,0
BRDA:65,2,0,0
BRDA:65,2,1,0
BRDA:72,3,0,0
BRDA:72,3,1,0
BRDA:119,4,0,0
BRDA:119,4,1,0
BRDA:179,5,0,0
BRDA:179,5,1,0
BRDA:193,6,0,0
BRDA:193,6,1,0
BRDA:193,7,0,0
BRDA:193,7,1,0
BRDA:197,8,0,0
BRDA:197,8,1,0
BRDA:202,9,0,0
BRDA:202,9,1,0
BRDA:203,10,0,0
BRDA:203,10,1,0
BRDA:208,11,0,0
BRDA:208,11,1,0
BRDA:247,12,0,0
BRDA:247,12,1,0
BRDA:255,13,0,0
BRDA:255,13,1,0
BRDA:256,14,0,0
BRDA:256,14,1,0
BRDA:275,15,0,0
BRDA:275,15,1,0
BRDA:299,16,0,0
BRDA:299,16,1,0
BRDA:303,17,0,0
BRDA:303,17,1,0
BRDA:317,18,0,0
BRDA:317,18,1,0
BRDA:320,19,0,0
BRDA:320,19,1,0
BRDA:404,20,0,0
BRDA:404,20,1,0
BRDA:414,21,0,0
BRDA:414,21,1,0
BRDA:418,22,0,0
BRDA:418,22,1,0
BRDA:435,23,0,0
BRDA:435,23,1,0
BRDA:439,24,0,0
BRDA:439,24,1,0
BRDA:456,25,0,0
BRDA:456,25,1,0
[...]
BRDA:153,11786,0,0
BRDA:153,11786,1,0
BRDA:153,11787,0,0
BRDA:153,11787,1,0
BRDA:153,11788,0,0
BRDA:153,11788,1,0
BRDA:153,11789,0,0
BRDA:153,11789,1,0
BRDA:153,11790,0,0
BRDA:153,11790,1,0
BRDA:153,11790,2,0
BRDA:153,11790,3,0
BRDA:153,11791,0,0
BRDA:153,11791,1,0
BRDA:153,11792,0,0
BRDA:153,11792,1,0
BRDA:153,11793,0,0
BRDA:153,11793,1,0
BRDA:153,11794,0,0
BRDA:153,11794,1,0
BRDA:153,11795,0,0
BRDA:153,11795,1,0
BRDA:153,11796,0,0
BRDA:153,11796,1,0
BRDA:153,11797,0,0
BRDA:153,11797,1,0
BRDA:153,11798,0,0
BRDA:153,11798,1,0
BRDA:153,11799,0,0
BRDA:153,11799,1,0
BRDA:153,11800,0,0
BRDA:153,11800,1,0
BRDA:153,11801,0,0
BRDA:153,11801,1,0
BRDA:153,11802,0,0
BRDA:153,11802,1,0
BRDA:153,11803,0,0
BRDA:153,11803,1,0
BRDA:153,11804,0,0
BRDA:153,11804,1,0
BRDA:153,11805,0,0
BRDA:153,11805,1,0
BRDA:153,11806,0,0
BRDA:153,11806,1,0
BRDA:153,11807,0,0
BRDA:153,11807,1,0
BRDA:153,11808,0,0
BRDA:153,11808,1,0
BRDA:153,11808,2,0
BRDA:153,11808,3,0
BRDA:153,11809,0,0
BRDA:153,11809,1,0
BRDA:153,11810,0,0
BRDA:153,11810,1,0
BRDA:153,11811,0,0
BRDA:153,11811,1,0
BRDA:153,11812,0,0
BRDA:153,11812,1,0
BRDA:153,11813,0,0
BRDA:153,11813,1,0
BRDA:153,11814,0,0
BRDA:153,11814,1,0
BRDA:153,11815,0,0
BRDA:153,11815,1,0
BRDA:153,11815,2,0
BRDA:153,11816,0,0
BRDA:153,11816,1,0
BRDA:153,11816,2,0
BRDA:153,11817,0,0
BRDA:153,11817,1,0
BRDA:153,11818,0,0
BRDA:153,11818,1,0
BRDA:153,11819,0,0
BRDA:153,11819,1,0
BRDA:153,11820,0,0
BRDA:153,11820,1,0
BRDA:153,11820,2,0
BRDA:153,11821,0,0
BRDA:153,11821,1,0
BRDA:153,11822,0,0
BRDA:153,11822,1,0
BRDA:153,11823,0,0
BRDA:153,11823,1,0
BRDA:153,11824,0,0
BRDA:153,11824,1,0
BRDA:153,11825,0,0
BRDA:153,11825,1,0
BRDA:153,11826,0,0
BRDA:153,11826,1,0
BRDA:153,11827,0,0
BRDA:153,11827,1,0
BRDA:153,11828,0,0
BRDA:153,11828,1,0
BRDA:153,11829,0,0
BRDA:153,11829,1,0
BRDA:153,11830,0,0
BRDA:153,11830,1,0
BRDA:153,11831,0,0
BRDA:153,11831,1,0
BRDA:153,11832,0,0
BRDA:153,11832,1,0
BRDA:153,11833,0,0
BRDA:153,11833,1,0
BRDA:153,11833,2,0
BRDA:153,11834,0,0
BRDA:153,11834,1,0
BRDA:153,11835,0,0
BRDA:153,11835,1,0
BRDA:153,11836,0,0
BRDA:153,11836,1,0
BRDA:153,11837,0,0
BRDA:153,11837,1,0
BRDA:153,11838,0,0
BRDA:153,11838,1,0
BRDA:153,11839,0,0
BRDA:153,11839,1,0
BRDA:153,11840,0,0
BRDA:153,11840,1,0
BRDA:153,11841,0,0
BRDA:153,11841,1,0
BRDA:153,11842,0,0
BRDA:153,11842,1,0
BRDA:153,11842,2,0
BRDA:153,11842,3,0
BRDA:153,11843,0,0
BRDA:153,11843,1,0
BRDA:153,11844,0,0
BRDA:153,11844,1,0
BRDA:153,11845,0,0
BRDA:153,11845,1,0
BRDA:153,11845,2,0
BRDA:153,11846,0,0
BRDA:153,11846,1,0
BRDA:153,11847,0,0
BRDA:153,11847,1,0
BRDA:153,11848,0,0
BRDA:153,11848,1,0
BRDA:153,11849,0,0
BRDA:153,11849,1,0
BRDA:153,11850,0,0
BRDA:153,11850,1,0
BRDA:153,11851,0,0
BRDA:153,11851,1,0
BRDA:153,11851,2,0
BRDA:153,11852,0,0
BRDA:153,11852,1,0
BRDA:153,11853,0,0
BRDA:153,11853,1,0
BRDA:153,11854,0,0
BRDA:153,11854,1,0
BRDA:153,11855,0,0
BRDA:153,11855,1,0
BRDA:153,11855,2,0
BRDA:153,11856,0,0
BRDA:153,11856,1,0
BRDA:153,11857,0,0
BRDA:153,11857,1,0
BRDA:153,11858,0,0
BRDA:153,11858,1,0
BRDA:153,11859,0,0
BRDA:153,11859,1,0
BRDA:153,11860,0,0
BRDA:153,11860,1,0
BRDA:153,11860,2,0
BRDA:153,11861,0,0
BRDA:153,11861,1,0
BRDA:153,11861,2,0
BRDA:153,11861,3,0
BRDA:153,11862,0,0
BRDA:153,11862,1,0
BRDA:153,11862,2,0
BRDA:153,11862,3,0
BRDA:153,11862,4,0
BRDA:153,11863,0,0
BRDA:153,11863,1,0
BRDA:153,11864,0,0
BRDA:153,11864,1,0
BRDA:153,11865,0,0
BRDA:153,11865,1,0
BRDA:153,11866,0,0
BRDA:153,11866,1,0
BRDA:153,11867,0,0
BRDA:153,11867,1,0
BRDA:153,11868,0,0
BRDA:153,11868,1,0
BRDA:153,11869,0,0
BRDA:153,11869,1,0
BRDA:153,11870,0,0
BRDA:153,11870,1,0
BRDA:153,11871,0,0
BRDA:153,11871,1,0
BRDA:153,11872,0,0
BRDA:153,11872,1,0
BRDA:153,11872,2,0
BRDA:153,11872,3,0
BRDA:153,11873,0,0
BRDA:153,11873,1,0
BRDA:153,11874,0,0
BRDA:153,11874,1,0
BRDA:153,11875,0,0
BRDA:153,11875,1,0
BRDA:153,11875,2,0
BRDA:153,11876,0,0
BRDA:153,11876,1,0
BRDA:153,11877,0,0
BRDA:153,11877,1,0
BRDA:153,11878,0,0
BRDA:153,11878,1,0
BRDA:153,11879,0,0
BRDA:153,11879,1,0
BRDA:153,11880,0,0
BRDA:153,11880,1,0
BRDA:153,11881,0,0
BRDA:153,11881,1,0
BRDA:153,11881,2,0
BRDA:153,11882,0,0
BRDA:153,11882,1,0
BRDA:153,11883,0,0
BRDA:153,11883,1,0
BRDA:153,11884,0,0
BRDA:153,11884,1,0
BRDA:153,11885,0,0
BRDA:153,11885,1,0
BRDA:153,11885,2,0
BRDA:153,11886,0,0
BRDA:153,11886,1,0
BRDA:153,11887,0,0
BRDA:153,11887,1,0
BRDA:153,11888,0,0
BRDA:153,11888,1,0
BRDA:153,11889,0,0
BRDA:153,11889,1,0
BRDA:153,11890,0,0
BRDA:153,11890,1,0
BRDA:153,11890,2,0
BRDA:153,11891,0,0
BRDA:153,11891,1,0
BRDA:153,11891,2,0
BRDA:153,11892,0,0
BRDA:153,11892,1,0
BRDA:153,11893,0,0
BRDA:153,11893,1,0
BRDA:153,11893,2,0
BRDA:153,11893,3,0
BRDA:153,11893,4,0
BRDA:153,11893,5,0
BRDA:153,11893,6,0
BRF:26195
BRH:0
end_of_record
TN:
SF:frontend\src\App.js
FN:72,App
FN:76,(anonymous_1)
FNF:2
FNH:0
FNDA:0,App
FNDA:0,(anonymous_1)
DA:16,0
DA:73,0
DA:74,0
DA:76,0
DA:77,0
DA:79,0
DA:81,0
DA:83,0
DA:85,0
DA:87,0
DA:89,0
DA:91,0
DA:95,0
LF:13
LH:0
BRDA:77,0,0,0
BRDA:77,0,1,0
BRDA:77,0,2,0
BRDA:77,0,3,0
BRDA:77,0,4,0
BRDA:77,0,5,0
BRDA:77,0,6,0
BRDA:117,1,0,0
BRDA:117,1,1,0
BRF:9
BRH:0
end_of_record
TN:
SF:frontend\src\index.js
FNF:0
FNH:0
DA:6,0
DA:7,0
LF:2
LH:0
BRF:0
BRH:0
end_of_record
TN:
SF:frontend\src\components\Header.js
FN:19,(anonymous_0)
FN:23,(anonymous_1)
FN:41,(anonymous_2)
FNF:3
FNH:0
FNDA:0,(anonymous_0)
FNDA:0,(anonymous_1)
FNDA:0,(anonymous_2)
DA:19,0
DA:20,0
DA:21,0
DA:23,0
DA:24,0
DA:27,0
DA:41,0
LF:7
LH:0
BRDA:24,0,0,0
BRDA:24,0,1,0
BRDA:70,1,0,0
BRDA:70,1,1,0
BRDA:71,2,0,0
BRDA:71,2,1,0
BRDA:72,3,0,0
BRDA:72,3,1,0
BRDA:75,4,0,0
BRDA:75,4,1,0
BRDA:76,5,0,0
BRDA:76,5,1,0
BRDA:77,6,0,0
BRDA:77,6,1,0
BRDA:84,7,0,0
BRDA:84,7,1,0
BRDA:102,8,0,0
BRDA:102,8,1,0
BRF:18
BRH:0
end_of_record
TN:
SF:frontend\src\components\Sidebar.js
FN:30,(anonymous_0)
FN:55,(anonymous_1)
FN:87,(anonymous_2)
FN:94,(anonymous_3)
FNF:4
FNH:0
FNDA:0,(anonymous_0)
FNDA:0,(anonymous_1)
FNDA:0,(anonymous_2)
FNDA:0,(anonymous_3)
DA:27,0
DA:28,0
DA:30,0
DA:46,0
DA:55,0
DA:56,0
DA:58,0
DA:88,0
DA:89,0
DA:91,0
DA:94,0
LF:11
LH:0
BRDA:31,0,0,0
BRDA:31,0,1,0
BRDA:34,1,0,0
BRDA:34,1,1,0
BRDA:64,2,0,0
BRDA:64,2,1,0
BRDA:69,3,0,0
BRDA:69,3,1,0
BRDA:99,4,0,0
BRDA:99,4,1,0
BRDA:100,5,0,0
BRDA:100,5,1,0
BRDA:110,6,0,0
BRDA:110,6,1,0
BRDA:111,7,0,0
BRDA:111,7,1,0
BRDA:112,8,0,0
BRDA:112,8,1,0
BRDA:117,9,0,0
BRDA:117,9,1,0
BRDA:122,10,0,0
BRDA:122,10,1,0
BRDA:123,11,0,0
BRDA:123,11,1,0
BRDA:145,12,0,0
BRDA:145,12,1,0
BRDA:149,13,0,0
BRDA:149,13,1,0
BRF:28
BRH:0
end_of_record
TN:
SF:frontend\src\hooks\useApi.js
FN:6,(anonymous_0)
FN:14,(anonymous_1)
FN:29,(anonymous_2)
FN:36,(anonymous_3)
FN:41,(anonymous_4)
FN:42,(anonymous_5)
FN:52,(anonymous_6)
FN:68,(anonymous_7)
FN:82,(anonymous_8)
FN:96,(anonymous_9)
FN:110,(anonymous_10)
FN:124,(anonymous_11)
FN:138,(anonymous_12)
FNF:13
FNH:0
FNDA:0,(anonymous_0)
FNDA:0,(anonymous_1)
FNDA:0,(anonymous_2)
FNDA:0,(anonymous_3)
FNDA:0,(anonymous_4)
FNDA:0,(anonymous_5)
FNDA:0,(anonymous_6)
FNDA:0,(anonymous_7)
FNDA:0,(anonymous_8)
FNDA:0,(anonymous_9)
FNDA:0,(anonymous_10)
FNDA:0,(anonymous_11)
FNDA:0,(anonymous_12)
DA:4,0
DA:6,0
DA:7,0
DA:8,0
DA:9,0
DA:11,0
DA:14,0
DA:15,0
DA:16,0
DA:19,0
DA:28,0
DA:30,0
DA:31,0
DA:32,0
DA:34,0
DA:36,0
DA:40,0
DA:41,0
DA:43,0
DA:44,0
DA:45,0
DA:47,0
DA:52,0
DA:53,0
DA:54,0
DA:55,0
DA:56,0
DA:57,0
DA:58,0
DA:59,0
DA:61,0
DA:62,0
DA:64,0
DA:68,0
DA:69,0
DA:70,0
DA:71,0
DA:72,0
DA:73,0
DA:75,0
DA:76,0
DA:78,0
DA:82,0
DA:83,0
DA:84,0
DA:85,0
DA:86,0
DA:87,0
DA:89,0
DA:90,0
DA:92,0
DA:96,0
DA:97,0
DA:98,0
DA:99,0
DA:100,0
DA:101,0
DA:103,0
DA:104,0
DA:106,0
DA:110,0
DA:111,0
DA:112,0
DA:113,0
DA:114,0
DA:115,0
DA:117,0
DA:118,0
DA:120,0
DA:124,0
DA:125,0
DA:126,0
DA:129,0
DA:138,0
DA:141,0
LF:75
LH:0
BRDA:8,0,0,0
BRDA:8,0,1,0
BRDA:20,1,0,0
BRDA:20,1,1,0
BRDA:31,2,0,0
BRDA:31,2,1,0
BRDA:43,3,0,0
BRDA:43,3,1,0
BRDA:61,4,0,0
BRDA:61,4,1,0
BRDA:75,5,0,0
BRDA:75,5,1,0
BRDA:89,6,0,0
BRDA:89,6,1,0
BRDA:103,7,0,0
BRDA:103,7,1,0
BRDA:110,8,0,0
BRDA:117,9,0,0
BRDA:117,9,1,0
BRF:19
BRH:0
end_of_record
TN:
SF:frontend\src\hooks\useWebSocket.js
FN:6,(anonymous_0)
FN:14,(anonymous_1)
FN:20,(anonymous_2)
FN:26,(anonymous_3)
FN:31,(anonymous_4)
FN:36,(anonymous_5)
FN:37,(anonymous_6)
FN:40,(anonymous_7)
FN:41,(anonymous_8)
FN:44,(anonymous_9)
FN:45,(anonymous_10)
FN:48,(anonymous_11)
FN:49,(anonymous_12)
FN:54,(anonymous_13)
FN:59,(anonymous_14)
FN:62,(anonymous_15)
FN:66,(anonymous_16)
FN:69,(anonymous_17)
FN:77,(anonymous_18)
FNF:19
FNH:0
FNDA:0,(anonymous_0)
FNDA:0,(anonymous_1)
FNDA:0,(anonymous_2)
FNDA:0,(anonymous_3)
FNDA:0,(anonymous_4)
FNDA:0,(anonymous_5)
FNDA:0,(anonymous_6)
FNDA:0,(anonymous_7)
FNDA:0,(anonymous_8)
FNDA:0,(anonymous_9)
FNDA:0,(anonymous_10)
FNDA:0,(anonymous_11)
FNDA:0,(anonymous_12)
FNDA:0,(anonymous_13)
FNDA:0,(anonymous_14)
FNDA:0,(anonymous_15)
FNDA:0,(anonymous_16)
FNDA:0,(anonymous_17)
FNDA:0,(anonymous_18)
DA:4,0
DA:6,0
DA:7,0
DA:8,0
DA:9,0
DA:11,0
DA:14,0
DA:15,0
DA:16,0
DA:17,0
DA:18,0
DA:20,0
DA:21,0
DA:22,0
DA:26,0
DA:27,0
DA:28,0
DA:31,0
DA:32,0
DA:33,0
DA:36,0
DA:37,0
DA:40,0
DA:41,0
DA:44,0
DA:45,0
DA:48,0
DA:49,0
DA:52,0
DA:54,0
DA:55,0
DA:59,0
DA:60,0
DA:61,0
DA:62,0
DA:66,0
DA:67,0
DA:68,0
DA:69,0
DA:70,0
DA:71,0
DA:72,0
DA:77,0
DA:78,0
DA:79,0
DA:83,0
DA:93,0
LF:47
LH:0
BRDA:8,0,0,0
BRDA:8,0,1,0
BRDA:21,1,0,0
BRDA:21,1,1,0
BRDA:60,2,0,0
BRDA:60,2,1,0
BRDA:60,3,0,0
BRDA:60,3,1,0
BRDA:67,4,0,0
BRDA:67,4,1,0
BRDA:67,5,0,0
BRDA:67,5,1,0
BRDA:78,6,0,0
BRDA:78,6,1,0
BRDA:78,7,0,0
BRDA:78,7,1,0
BRF:16
BRH:0
end_of_record
TN:
SF:frontend\src\pages\Analytics.js
FN:53,(anonymous_0)
FN:97,(anonymous_1)
FN:101,(anonymous_2)
FN:102,(anonymous_3)
FN:107,(anonymous_4)
FN:112,(anonymous_5)
FN:133,(anonymous_6)
FN:137,(anonymous_7)
FN:142,(anonymous_8)
FN:151,(anonymous_9)
FN:223,(anonymous_10)
FN:381,(anonymous_11)
FN:395,(anonymous_12)
FN:428,(anonymous_13)
FN:487,(anonymous_14)
FNF:15
FNH:0
FNDA:0,(anonymous_0)
FNDA:0,(anonymous_1)
FNDA:0,(anonymous_2)
FNDA:0,(anonymous_3)
FNDA:0,(anonymous_4)
FNDA:0,(anonymous_5)
FNDA:0,(anonymous_6)
FNDA:0,(anonymous_7)
FNDA:0,(anonymous_8)
FNDA:0,(anonymous_9)
FNDA:0,(anonymous_10)
FNDA:0,(anonymous_11)
FNDA:0,(anonymous_12)
FNDA:0,(anonymous_13)
FNDA:0,(anonymous_14)
DA:53,0
DA:54,0
DA:55,0
DA:56,0
DA:57,0
DA:58,0
DA:59,0
DA:60,0
DA:61,0
DA:62,0
DA:65,0
DA:74,0
DA:83,0
DA:89,0
DA:97,0
DA:98,0
DA:101,0
DA:102,0
DA:105,0
DA:107,0
DA:108,0
DA:112,0
DA:113,0
DA:114,0
DA:115,0
DA:121,0
DA:122,0
DA:123,0
DA:124,0
DA:126,0
DA:127,0
DA:129,0
DA:133,0
DA:134,0
DA:137,0
DA:139,0
DA:142,0
DA:143,0
DA:144,0
DA:145,0
DA:146,0
DA:148,0
DA:151,0
DA:152,0
DA:194,0
DA:195,0
DA:203,0
DA:204,0
DA:211,0
DA:223,0
DA:382,0
DA:396,0
DA:428,0
DA:488,0
LF:54
LH:0
BRDA:143,0,0,0
BRDA:143,0,1,0
BRDA:145,1,0,0
BRDA:145,1,1,0
BRDA:151,2,0,0
BRDA:172,3,0,0
BRDA:172,3,1,0
BRDA:174,4,0,0
BRDA:174,4,1,0
BRDA:182,5,0,0
BRDA:182,5,1,0
BRDA:194,6,0,0
BRDA:194,6,1,0
BRDA:203,7,0,0
BRDA:203,7,1,0
BRDA:279,8,0,0
BRDA:279,8,1,0
BRDA:288,9,0,0
BRDA:288,9,1,0
BRDA:297,10,0,0
BRDA:297,10,1,0
BRDA:306,11,0,0
BRDA:306,11,1,0
BRDA:448,12,0,0
BRDA:448,12,1,0
BRDA:474,13,0,0
BRDA:474,13,1,0
BRDA:510,14,0,0
BRDA:510,14,1,0
BRDA:510,15,0,0
BRDA:510,15,1,0
BRDA:526,16,0,0
BRDA:526,16,1,0
BRF:33
BRH:0
end_of_record
TN:
SF:frontend\src\pages\Blockchain.js
FN:38,(anonymous_0)
FN:49,(anonymous_1)
FN:53,(anonymous_2)
FN:54,(anonymous_3)
FN:55,(anonymous_4)
FN:58,(anonymous_5)
FN:59,(anonymous_6)
FN:65,(anonymous_7)
FN:71,(anonymous_8)
FN:92,(anonymous_9)
FN:96,(anonymous_10)
FN:101,(anonymous_11)
FN:105,(anonymous_12)
FN:114,(anonymous_13)
FN:230,(anonymous_14)
FN:270,(anonymous_15)
FN:302,(anonymous_16)
FN:357,(anonymous_17)
FNF:18
FNH:0
FNDA:0,(anonymous_0)
FNDA:0,(anonymous_1)
FNDA:0,(anonymous_2)
FNDA:0,(anonymous_3)
FNDA:0,(anonymous_4)
FNDA:0,(anonymous_5)
FNDA:0,(anonymous_6)
FNDA:0,(anonymous_7)
FNDA:0,(anonymous_8)
FNDA:0,(anonymous_9)
FNDA:0,(anonymous_10)
FNDA:0,(anonymous_11)
FNDA:0,(anonymous_12)
FNDA:0,(anonymous_13)
FNDA:0,(anonymous_14)
FNDA:0,(anonymous_15)
FNDA:0,(anonymous_16)
FNDA:0,(anonymous_17)
DA:38,0
DA:39,0
DA:40,0
DA:41,0
DA:42,0
DA:43,0
DA:44,0
DA:45,0
DA:46,0
DA:47,0
DA:49,0
DA:50,0
DA:53,0
DA:54,0
DA:55,0
DA:58,0
DA:59,0
DA:62,0
DA:63,0
DA:65,0
DA:66,0
DA:67,0
DA:71,0
DA:72,0
DA:73,0
DA:74,0
DA:80,0
DA:81,0
DA:82,0
DA:83,0
DA:85,0
DA:86,0
DA:88,0
DA:92,0
DA:93,0
DA:96,0
DA:97,0
DA:98,0
DA:101,0
DA:102,0
DA:105,0
DA:106,0
DA:107,0
DA:108,0
DA:109,0
DA:110,0
DA:114,0
DA:115,0
DA:144,0
DA:145,0
DA:153,0
DA:154,0
DA:161,0
DA:230,0
DA:270,0
DA:303,0
DA:358,0
LF:57
LH:0
BRDA:97,0,0,0
BRDA:97,0,1,0
BRDA:106,1,0,0
BRDA:106,1,1,0
BRDA:106,1,2,0
BRDA:106,1,3,0
BRDA:114,2,0,0
BRDA:135,3,0,0
BRDA:135,3,1,0
BRDA:144,4,0,0
BRDA:144,4,1,0
BRDA:153,5,0,0
BRDA:153,5,1,0
BRDA:189,6,0,0
BRDA:189,6,1,0
BRDA:198,7,0,0
BRDA:198,7,1,0
BRDA:207,8,0,0
BRDA:207,8,1,0
BRDA:216,9,0,0
BRDA:216,9,1,0
BRDA:289,10,0,0
BRDA:289,10,1,0
BRDA:344,11,0,0
BRDA:344,11,1,0
BRF:25
BRH:0
end_of_record
TN:
SF:frontend\src\pages\Dashboard.js
FN:30,(anonymous_0)
FN:53,(anonymous_1)
FN:57,(anonymous_2)
FN:88,(anonymous_3)
FN:252,(anonymous_4)
FN:266,(anonymous_5)
FN:304,(anonymous_6)
FNF:7
FNH:0
FNDA:0,(anonymous_0)
FNDA:0,(anonymous_1)
FNDA:0,(anonymous_2)
FNDA:0,(anonymous_3)
FNDA:0,(anonymous_4)
FNDA:0,(anonymous_5)
FNDA:0,(anonymous_6)
DA:30,0
DA:31,0
DA:32,0
DA:33,0
DA:34,0
DA:37,0
DA:46,0
DA:53,0
DA:54,0
DA:57,0
DA:58,0
DA:59,0
DA:61,0
DA:69,0
DA:77,0
DA:78,0
DA:79,0
DA:81,0
DA:82,0
DA:84,0
DA:88,0
DA:89,0
DA:131,0
DA:132,0
DA:140,0
DA:141,0
DA:148,0
DA:253,0
DA:267,0
DA:305,0
LF:30
LH:0
BRDA:88,0,0,0
BRDA:109,1,0,0
BRDA:109,1,1,0
BRDA:111,2,0,0
BRDA:111,2,1,0
BRDA:119,3,0,0
BRDA:119,3,1,0
BRDA:131,4,0,0
BRDA:131,4,1,0
BRDA:140,5,0,0
BRDA:140,5,1,0
BRDA:159,6,0,0
BRDA:159,6,1,0
BRDA:168,7,0,0
BRDA:168,7,1,0
BRDA:177,8,0,0
BRDA:177,8,1,0
BRDA:309,9,0,0
BRDA:309,9,1,0
BRDA:310,10,0,0
BRDA:310,10,1,0
BRDA:311,11,0,0
BRDA:311,11,1,0
BRDA:312,12,0,0
BRDA:312,12,1,0
BRDA:332,13,0,0
BRDA:332,13,1,0
BRDA:333,14,0,0
BRDA:333,14,1,0
BRDA:338,15,0,0
BRDA:338,15,1,0
BRF:31
BRH:0
end_of_record
TN:
SF:frontend\src\pages\Defi.js
FN:37,(anonymous_0)
FN:66,(anonymous_1)
FN:70,(anonymous_2)
FN:71,(anonymous_3)
FN:71,(anonymous_4)
FN:76,(anonymous_5)
FN:77,(anonymous_6)
FN:77,(anonymous_7)
FN:85,(anonymous_8)
FN:91,(anonymous_9)
FN:114,(anonymous_10)
FN:118,(anonymous_11)
FN:127,(anonymous_12)
FN:273,(anonymous_13)
FN:309,(anonymous_14)
FN:327,(anonymous_15)
FN:361,(anonymous_16)
FN:420,(anonymous_17)
FN:496,(anonymous_18)
FNF:19
FNH:0
FNDA:0,(anonymous_0)
FNDA:0,(anonymous_1)
FNDA:0,(anonymous_2)
FNDA:0,(anonymous_3)
FNDA:0,(anonymous_4)
FNDA:0,(anonymous_5)
FNDA:0,(anonymous_6)
FNDA:0,(anonymous_7)
FNDA:0,(anonymous_8)
FNDA:0,(anonymous_9)
FNDA:0,(anonymous_10)
FNDA:0,(anonymous_11)
FNDA:0,(anonymous_12)
FNDA:0,(anonymous_13)
FNDA:0,(anonymous_14)
FNDA:0,(anonymous_15)
FNDA:0,(anonymous_16)
FNDA:0,(anonymous_17)
FNDA:0,(anonymous_18)
DA:37,0
DA:38,0
DA:39,0
DA:40,0
DA:41,0
DA:42,0
DA:43,0
DA:44,0
DA:45,0
DA:46,0
DA:49,0
DA:58,0
DA:66,0
DA:67,0
DA:70,0
DA:71,0
DA:72,0
DA:76,0
DA:77,0
DA:78,0
DA:82,0
DA:83,0
DA:85,0
DA:86,0
DA:87,0
DA:91,0
DA:92,0
DA:93,0
DA:94,0
DA:101,0
DA:102,0
DA:103,0
DA:104,0
DA:105,0
DA:107,0
DA:108,0
DA:110,0
DA:114,0
DA:115,0
DA:118,0
DA:119,0
DA:120,0
DA:121,0
DA:122,0
DA:124,0
DA:127,0
DA:128,0
DA:170,0
DA:171,0
DA:179,0
DA:180,0
DA:187,0
DA:273,0
DA:309,0
DA:327,0
DA:362,0
DA:421,0
DA:497,0
LF:58
LH:0
BRDA:72,0,0,0
BRDA:72,0,1,0
BRDA:78,1,0,0
BRDA:78,1,1,0
BRDA:119,2,0,0
BRDA:119,2,1,0
BRDA:121,3,0,0
BRDA:121,3,1,0
BRDA:127,4,0,0
BRDA:148,5,0,0
BRDA:148,5,1,0
BRDA:150,6,0,0
BRDA:150,6,1,0
BRDA:158,7,0,0
BRDA:158,7,1,0
BRDA:170,8,0,0
BRDA:170,8,1,0
BRDA:179,9,0,0
BRDA:179,9,1,0
BRDA:215,10,0,0
BRDA:215,10,1,0
BRDA:224,11,0,0
BRDA:224,11,1,0
BRDA:233,12,0,0
BRDA:233,12,1,0
BRDA:242,13,0,0
BRDA:242,13,1,0
BRDA:347,14,0,0
BRDA:347,14,1,0
BRDA:393,15,0,0
BRDA:393,15,1,0
BRDA:406,16,0,0
BRDA:406,16,1,0
BRDA:452,17,0,0
BRDA:452,17,1,0
BRDA:453,18,0,0
BRDA:453,18,1,0
BRDA:482,19,0,0
BRDA:482,19,1,0
BRDA:524,20,0,0
BRDA:524,20,1,0
BRDA:532,21,0,0
BRDA:532,21,1,0
BRDA:545,22,0,0
BRDA:545,22,1,0
BRF:45
BRH:0
end_of_record
TN:
SF:frontend\src\pages\Security.js
FN:41,(anonymous_0)
FN:52,(anonymous_1)
FN:56,(anonymous_2)
FN:57,(anonymous_3)
FN:60,(anonymous_4)
FN:61,(anonymous_5)
FN:67,(anonymous_6)
FN:73,(anonymous_7)
FN:96,(anonymous_8)
FN:100,(anonymous_9)
FN:110,(anonymous_10)
FN:121,(anonymous_11)
FN:297,(anonymous_12)
FN:349,(anonymous_13)
FN:383,(anonymous_14)
FN:451,(anonymous_15)
FN:520,(anonymous_16)
FNF:17
FNH:0
FNDA:0,(anonymous_0)
FNDA:0,(anonymous_1)
FNDA:0,(anonymous_2)
FNDA:0,(anonymous_3)
FNDA:0,(anonymous_4)
FNDA:0,(anonymous_5)
FNDA:0,(anonymous_6)
FNDA:0,(anonymous_7)
FNDA:0,(anonymous_8)
FNDA:0,(anonymous_9)
FNDA:0,(anonymous_10)
FNDA:0,(anonymous_11)
FNDA:0,(anonymous_12)
FNDA:0,(anonymous_13)
FNDA:0,(anonymous_14)
FNDA:0,(anonymous_15)
FNDA:0,(anonymous_16)
DA:41,0
DA:42,0
DA:43,0
DA:44,0
DA:45,0
DA:46,0
DA:47,0
DA:48,0
DA:49,0
DA:50,0
DA:52,0
DA:53,0
DA:56,0
DA:57,0
DA:60,0
DA:61,0
DA:64,0
DA:65,0
DA:67,0
DA:68,0
DA:69,0
DA:73,0
DA:74,0
DA:75,0
DA:76,0
DA:83,0
DA:84,0
DA:85,0
DA:86,0
DA:87,0
DA:89,0
DA:90,0
DA:92,0
DA:96,0
DA:97,0
DA:100,0
DA:101,0
DA:102,0
DA:103,0
DA:104,0
DA:105,0
DA:106,0
DA:110,0
DA:111,0
DA:112,0
DA:113,0
DA:114,0
DA:115,0
DA:116,0
DA:117,0
DA:121,0
DA:122,0
DA:151,0
DA:152,0
DA:160,0
DA:161,0
DA:168,0
DA:298,0
DA:349,0
DA:384,0
DA:452,0
DA:521,0
LF:62
LH:0
BRDA:101,0,0,0
BRDA:101,0,1,0
BRDA:101,0,2,0
BRDA:101,0,3,0
BRDA:101,0,4,0
BRDA:111,1,0,0
BRDA:111,1,1,0
BRDA:111,1,2,0
BRDA:111,1,3,0
BRDA:111,1,4,0
BRDA:111,1,5,0
BRDA:121,2,0,0
BRDA:142,3,0,0
BRDA:142,3,1,0
BRDA:151,4,0,0
BRDA:151,4,1,0
BRDA:160,5,0,0
BRDA:160,5,1,0
BRDA:196,6,0,0
BRDA:196,6,1,0
BRDA:205,7,0,0
BRDA:205,7,1,0
BRDA:214,8,0,0
BRDA:214,8,1,0
BRDA:223,9,0,0
BRDA:223,9,1,0
BRDA:306,10,0,0
BRDA:306,10,1,0
BRDA:307,11,0,0
BRDA:307,11,1,0
BRDA:308,12,0,0
BRDA:308,12,1,0
BRDA:332,13,0,0
BRDA:332,13,1,0
BRDA:369,14,0,0
BRDA:369,14,1,0
BRDA:397,15,0,0
BRDA:397,15,1,0
BRDA:398,16,0,0
BRDA:398,16,1,0
BRDA:399,17,0,0
BRDA:399,17,1,0
BRDA:407,18,0,0
BRDA:407,18,1,0
BRDA:437,19,0,0
BRDA:437,19,1,0
BRDA:506,20,0,0
BRDA:506,20,1,0
BRDA:546,21,0,0
BRDA:546,21,1,0
BRF:50
BRH:0
end_of_record
TN:
SF:frontend\src\pages\Settings.js
FN:44,(anonymous_0)
FN:77,(anonymous_1)
FN:81,(anonymous_2)
FN:90,(anonymous_3)
FN:103,(anonymous_4)
FN:104,(anonymous_5)
FN:114,(anonymous_6)
FN:175,(anonymous_7)
FN:235,(anonymous_8)
FN:264,(anonymous_9)
FN:307,(anonymous_10)
FN:332,(anonymous_11)
FN:357,(anonymous_12)
FN:382,(anonymous_13)
FN:407,(anonymous_14)
FN:438,(anonymous_15)
FN:460,(anonymous_16)
FN:484,(anonymous_17)
FN:513,(anonymous_18)
FN:569,(anonymous_19)
FN:597,(anonymous_20)
FN:628,(anonymous_21)
FN:658,(anonymous_22)
FN:689,(anonymous_23)
FN:707,(anonymous_24)
FNF:25
FNH:0
FNDA:0,(anonymous_0)
FNDA:0,(anonymous_1)
FNDA:0,(anonymous_2)
FNDA:0,(anonymous_3)
FNDA:0,(anonymous_4)
FNDA:0,(anonymous_5)
FNDA:0,(anonymous_6)
FNDA:0,(anonymous_7)
FNDA:0,(anonymous_8)
FNDA:0,(anonymous_9)
FNDA:0,(anonymous_10)
FNDA:0,(anonymous_11)
FNDA:0,(anonymous_12)
FNDA:0,(anonymous_13)
FNDA:0,(anonymous_14)
FNDA:0,(anonymous_15)
FNDA:0,(anonymous_16)
FNDA:0,(anonymous_17)
FNDA:0,(anonymous_18)
FNDA:0,(anonymous_19)
FNDA:0,(anonymous_20)
FNDA:0,(anonymous_21)
FNDA:0,(anonymous_22)
FNDA:0,(anonymous_23)
FNDA:0,(anonymous_24)
DA:44,0
DA:45,0
DA:46,0
DA:47,0
DA:73,0
DA:74,0
DA:75,0
DA:77,0
DA:78,0
DA:81,0
DA:82,0
DA:83,0
DA:84,0
DA:86,0
DA:90,0
DA:91,0
DA:92,0
DA:93,0
DA:94,0
DA:95,0
DA:97,0
DA:99,0
DA:103,0
DA:104,0
DA:111,0
DA:114,0
DA:115,0
DA:116,0
DA:120,0
DA:175,0
DA:235,0
DA:264,0
DA:307,0
DA:332,0
DA:357,0
DA:382,0
DA:407,0
DA:438,0
DA:460,0
DA:484,0
DA:513,0
DA:569,0
DA:597,0
DA:628,0
DA:658,0
DA:689,0
DA:707,0
LF:47
LH:0
BRDA:115,0,0,0
BRDA:115,0,1,0
BRDA:146,1,0,0
BRDA:146,1,1,0
BRDA:157,2,0,0
BRDA:157,2,1,0
BRDA:162,3,0,0
BRDA:162,3,1,0
BRDA:196,4,0,0
BRDA:196,4,1,0
BRDA:213,5,0,0
BRDA:213,5,1,0
BRDA:293,6,0,0
BRDA:293,6,1,0
BRDA:427,7,0,0
BRDA:427,7,1,0
BRDA:557,8,0,0
BRDA:557,8,1,0
BRF:18
BRH:0
end_of_record
